{"/Users/omid.houshyar/dev/readyon/timeoff-service-project/src/app.module.ts": {"path":"/Users/omid.houshyar/dev/readyon/timeoff-service-project/src/app.module.ts","all":false,"statementMap":{"0":{"start":{"line":1,"column":0},"end":{"line":1,"column":55}},"10":{"start":{"line":11,"column":0},"end":{"line":11,"column":33}},"11":{"start":{"line":12,"column":0},"end":{"line":12,"column":7}},"12":{"start":{"line":13,"column":0},"end":{"line":13,"column":32}},"13":{"start":{"line":14,"column":0},"end":{"line":14,"column":11}},"14":{"start":{"line":15,"column":0},"end":{"line":15,"column":47}},"15":{"start":{"line":16,"column":0},"end":{"line":16,"column":3}},"16":{"start":{"line":17,"column":0},"end":{"line":17,"column":1}},"18":{"start":{"line":19,"column":0},"end":{"line":19,"column":11}},"19":{"start":{"line":20,"column":0},"end":{"line":20,"column":24}},"20":{"start":{"line":21,"column":0},"end":{"line":21,"column":36}},"21":{"start":{"line":22,"column":0},"end":{"line":22,"column":21}},"22":{"start":{"line":23,"column":0},"end":{"line":23,"column":22}},"23":{"start":{"line":24,"column":0},"end":{"line":24,"column":20}},"24":{"start":{"line":25,"column":0},"end":{"line":25,"column":19}},"25":{"start":{"line":26,"column":0},"end":{"line":26,"column":19}},"26":{"start":{"line":27,"column":0},"end":{"line":27,"column":17}},"27":{"start":{"line":28,"column":0},"end":{"line":28,"column":16}},"28":{"start":{"line":29,"column":0},"end":{"line":29,"column":45}},"29":{"start":{"line":30,"column":0},"end":{"line":30,"column":6}},"31":{"start":{"line":32,"column":0},"end":{"line":32,"column":12}},"32":{"start":{"line":33,"column":0},"end":{"line":33,"column":24}},"33":{"start":{"line":34,"column":0},"end":{"line":34,"column":14}},"34":{"start":{"line":35,"column":0},"end":{"line":35,"column":6}},"35":{"start":{"line":36,"column":0},"end":{"line":36,"column":3}},"36":{"start":{"line":37,"column":0},"end":{"line":37,"column":1}}},"s":{"0":1,"10":34,"11":34,"12":34,"13":34,"14":0,"15":0,"16":34,"18":1,"19":1,"20":1,"21":34,"22":34,"23":34,"24":34,"25":34,"26":34,"27":34,"28":34,"29":34,"31":34,"32":34,"33":34,"34":34,"35":34,"36":1},"branchMap":{"0":{"type":"branch","line":11,"loc":{"start":{"line":11,"column":0},"end":{"line":17,"column":1}},"locations":[{"start":{"line":11,"column":0},"end":{"line":17,"column":1}}]},"1":{"type":"branch","line":14,"loc":{"start":{"line":14,"column":2},"end":{"line":16,"column":3}},"locations":[{"start":{"line":14,"column":2},"end":{"line":16,"column":3}}]},"2":{"type":"branch","line":21,"loc":{"start":{"line":21,"column":9},"end":{"line":36,"column":3}},"locations":[{"start":{"line":21,"column":9},"end":{"line":36,"column":3}}]},"3":{"type":"branch","line":29,"loc":{"start":{"line":29,"column":22},"end":{"line":29,"column":41}},"locations":[{"start":{"line":29,"column":22},"end":{"line":29,"column":41}}]}},"b":{"0":[34],"1":[0],"2":[34],"3":[0]},"fnMap":{"0":{"name":"jobsEnabled","decl":{"start":{"line":11,"column":0},"end":{"line":17,"column":1}},"loc":{"start":{"line":11,"column":0},"end":{"line":17,"column":1}},"line":11},"1":{"name":"register","decl":{"start":{"line":21,"column":9},"end":{"line":36,"column":3}},"loc":{"start":{"line":21,"column":9},"end":{"line":36,"column":3}},"line":21}},"f":{"0":34,"1":34}}
,"/Users/omid.houshyar/dev/readyon/timeoff-service-project/src/bootstrap.ts": {"path":"/Users/omid.houshyar/dev/readyon/timeoff-service-project/src/bootstrap.ts","all":false,"statementMap":{"0":{"start":{"line":1,"column":0},"end":{"line":1,"column":50}},"7":{"start":{"line":8,"column":0},"end":{"line":8,"column":74}},"8":{"start":{"line":9,"column":0},"end":{"line":9,"column":84}},"9":{"start":{"line":10,"column":0},"end":{"line":10,"column":53}},"11":{"start":{"line":12,"column":0},"end":{"line":12,"column":65}},"12":{"start":{"line":13,"column":0},"end":{"line":13,"column":47}},"13":{"start":{"line":14,"column":0},"end":{"line":14,"column":34}},"14":{"start":{"line":15,"column":0},"end":{"line":15,"column":21}},"15":{"start":{"line":16,"column":0},"end":{"line":16,"column":27}},"16":{"start":{"line":17,"column":0},"end":{"line":17,"column":24}},"17":{"start":{"line":18,"column":0},"end":{"line":18,"column":6}},"18":{"start":{"line":19,"column":0},"end":{"line":19,"column":5}},"19":{"start":{"line":20,"column":0},"end":{"line":20,"column":1}}},"s":{"0":1,"7":34,"8":34,"9":34,"11":34,"12":34,"13":34,"14":34,"15":34,"16":34,"17":34,"18":34,"19":34},"branchMap":{"0":{"type":"branch","line":8,"loc":{"start":{"line":8,"column":0},"end":{"line":20,"column":1}},"locations":[{"start":{"line":8,"column":0},"end":{"line":20,"column":1}}]}},"b":{"0":[34]},"fnMap":{"0":{"name":"configureApp","decl":{"start":{"line":8,"column":0},"end":{"line":20,"column":1}},"loc":{"start":{"line":8,"column":0},"end":{"line":20,"column":1}},"line":8}},"f":{"0":34}}
,"/Users/omid.houshyar/dev/readyon/timeoff-service-project/src/main.ts": {"path":"/Users/omid.houshyar/dev/readyon/timeoff-service-project/src/main.ts","all":true,"statementMap":{"0":{"start":{"line":1,"column":0},"end":{"line":1,"column":26}},"1":{"start":{"line":2,"column":0},"end":{"line":2,"column":43}},"2":{"start":{"line":3,"column":0},"end":{"line":3,"column":37}},"3":{"start":{"line":4,"column":0},"end":{"line":4,"column":44}},"4":{"start":{"line":5,"column":0},"end":{"line":5,"column":46}},"5":{"start":{"line":6,"column":0},"end":{"line":6,"column":50}},"7":{"start":{"line":8,"column":0},"end":{"line":8,"column":38}},"8":{"start":{"line":9,"column":0},"end":{"line":9,"column":12}},"9":{"start":{"line":10,"column":0},"end":{"line":10,"column":23}},"10":{"start":{"line":11,"column":0},"end":{"line":11,"column":83}},"11":{"start":{"line":12,"column":0},"end":{"line":12,"column":33}},"13":{"start":{"line":14,"column":0},"end":{"line":14,"column":26}},"14":{"start":{"line":15,"column":0},"end":{"line":15,"column":40}},"16":{"start":{"line":17,"column":0},"end":{"line":17,"column":58}},"17":{"start":{"line":18,"column":0},"end":{"line":18,"column":1}},"19":{"start":{"line":20,"column":0},"end":{"line":20,"column":23}},"20":{"start":{"line":21,"column":0},"end":{"line":21,"column":21}},"21":{"start":{"line":22,"column":0},"end":{"line":22,"column":18}},"22":{"start":{"line":23,"column":0},"end":{"line":23,"column":3}}},"s":{"0":0,"1":0,"2":0,"3":0,"4":0,"5":0,"7":0,"8":0,"9":0,"10":0,"11":0,"13":0,"14":0,"16":0,"17":0,"19":0,"20":0,"21":0,"22":0},"branchMap":{"0":{"type":"branch","line":1,"loc":{"start":{"line":1,"column":0},"end":{"line":23,"column":-376}},"locations":[{"start":{"line":1,"column":0},"end":{"line":23,"column":-376}}]}},"b":{"0":[0]},"fnMap":{"0":{"name":"(empty-report)","decl":{"start":{"line":1,"column":0},"end":{"line":23,"column":-376}},"loc":{"start":{"line":1,"column":0},"end":{"line":23,"column":-376}},"line":1}},"f":{"0":0}}
,"/Users/omid.houshyar/dev/readyon/timeoff-service-project/src/api/api.module.ts": {"path":"/Users/omid.houshyar/dev/readyon/timeoff-service-project/src/api/api.module.ts","all":false,"statementMap":{"0":{"start":{"line":1,"column":0},"end":{"line":1,"column":40}},"15":{"start":{"line":16,"column":0},"end":{"line":16,"column":9}},"16":{"start":{"line":17,"column":0},"end":{"line":17,"column":24}},"17":{"start":{"line":18,"column":0},"end":{"line":18,"column":40}},"18":{"start":{"line":19,"column":0},"end":{"line":19,"column":16}},"19":{"start":{"line":20,"column":0},"end":{"line":20,"column":21}},"20":{"start":{"line":21,"column":0},"end":{"line":21,"column":24}},"21":{"start":{"line":22,"column":0},"end":{"line":22,"column":19}},"22":{"start":{"line":23,"column":0},"end":{"line":23,"column":25}},"23":{"start":{"line":24,"column":0},"end":{"line":24,"column":23}},"24":{"start":{"line":25,"column":0},"end":{"line":25,"column":28}},"25":{"start":{"line":26,"column":0},"end":{"line":26,"column":24}},"26":{"start":{"line":27,"column":0},"end":{"line":27,"column":23}},"27":{"start":{"line":28,"column":0},"end":{"line":28,"column":23}},"28":{"start":{"line":29,"column":0},"end":{"line":29,"column":22}},"29":{"start":{"line":30,"column":0},"end":{"line":30,"column":4}},"30":{"start":{"line":31,"column":0},"end":{"line":31,"column":2}},"31":{"start":{"line":32,"column":0},"end":{"line":32,"column":25}}},"s":{"0":1,"15":1,"16":1,"17":1,"18":1,"19":1,"20":1,"21":1,"22":1,"23":1,"24":1,"25":1,"26":1,"27":1,"28":1,"29":1,"30":1,"31":1},"branchMap":{},"b":{},"fnMap":{},"f":{}}
,"/Users/omid.houshyar/dev/readyon/timeoff-service-project/src/api/approvals.controller.ts": {"path":"/Users/omid.houshyar/dev/readyon/timeoff-service-project/src/api/approvals.controller.ts","all":false,"statementMap":{"0":{"start":{"line":1,"column":0},"end":{"line":1,"column":8}},"33":{"start":{"line":34,"column":0},"end":{"line":34,"column":13}},"34":{"start":{"line":35,"column":0},"end":{"line":35,"column":24}},"35":{"start":{"line":36,"column":0},"end":{"line":36,"column":34}},"36":{"start":{"line":37,"column":0},"end":{"line":37,"column":14}},"37":{"start":{"line":38,"column":0},"end":{"line":38,"column":66}},"38":{"start":{"line":39,"column":0},"end":{"line":39,"column":72}},"39":{"start":{"line":40,"column":0},"end":{"line":40,"column":6}},"41":{"start":{"line":42,"column":0},"end":{"line":42,"column":35}},"42":{"start":{"line":43,"column":0},"end":{"line":43,"column":24}},"43":{"start":{"line":44,"column":0},"end":{"line":44,"column":66}},"44":{"start":{"line":45,"column":0},"end":{"line":45,"column":48}},"45":{"start":{"line":46,"column":0},"end":{"line":46,"column":96}},"46":{"start":{"line":47,"column":0},"end":{"line":47,"column":43}},"47":{"start":{"line":48,"column":0},"end":{"line":48,"column":60}},"48":{"start":{"line":49,"column":0},"end":{"line":49,"column":60}},"49":{"start":{"line":50,"column":0},"end":{"line":50,"column":61}},"50":{"start":{"line":51,"column":0},"end":{"line":51,"column":18}},"51":{"start":{"line":52,"column":0},"end":{"line":52,"column":17}},"52":{"start":{"line":53,"column":0},"end":{"line":53,"column":17}},"53":{"start":{"line":54,"column":0},"end":{"line":54,"column":15}},"54":{"start":{"line":55,"column":0},"end":{"line":55,"column":6}},"55":{"start":{"line":56,"column":0},"end":{"line":56,"column":38}},"56":{"start":{"line":57,"column":0},"end":{"line":57,"column":44}},"57":{"start":{"line":58,"column":0},"end":{"line":58,"column":17}},"58":{"start":{"line":59,"column":0},"end":{"line":59,"column":15}},"59":{"start":{"line":60,"column":0},"end":{"line":60,"column":17}},"60":{"start":{"line":61,"column":0},"end":{"line":61,"column":7}},"61":{"start":{"line":62,"column":0},"end":{"line":62,"column":3}},"63":{"start":{"line":64,"column":0},"end":{"line":64,"column":45}},"64":{"start":{"line":65,"column":0},"end":{"line":65,"column":16}},"65":{"start":{"line":66,"column":0},"end":{"line":66,"column":48}},"66":{"start":{"line":67,"column":0},"end":{"line":67,"column":16}},"67":{"start":{"line":68,"column":0},"end":{"line":68,"column":37}},"68":{"start":{"line":69,"column":0},"end":{"line":69,"column":36}},"69":{"start":{"line":70,"column":0},"end":{"line":70,"column":67}},"70":{"start":{"line":71,"column":0},"end":{"line":71,"column":5}},"71":{"start":{"line":72,"column":0},"end":{"line":72,"column":43}},"72":{"start":{"line":73,"column":0},"end":{"line":73,"column":43}},"73":{"start":{"line":74,"column":0},"end":{"line":74,"column":60}},"74":{"start":{"line":75,"column":0},"end":{"line":75,"column":49}},"75":{"start":{"line":76,"column":0},"end":{"line":76,"column":85}},"76":{"start":{"line":77,"column":0},"end":{"line":77,"column":45}},"77":{"start":{"line":78,"column":0},"end":{"line":78,"column":18}},"78":{"start":{"line":79,"column":0},"end":{"line":79,"column":62}},"79":{"start":{"line":80,"column":0},"end":{"line":80,"column":21}},"80":{"start":{"line":81,"column":0},"end":{"line":81,"column":17}},"81":{"start":{"line":82,"column":0},"end":{"line":82,"column":19}},"82":{"start":{"line":83,"column":0},"end":{"line":83,"column":51}},"83":{"start":{"line":84,"column":0},"end":{"line":84,"column":22}},"84":{"start":{"line":85,"column":0},"end":{"line":85,"column":14}},"85":{"start":{"line":86,"column":0},"end":{"line":86,"column":26}},"86":{"start":{"line":87,"column":0},"end":{"line":87,"column":25}},"87":{"start":{"line":88,"column":0},"end":{"line":88,"column":21}},"88":{"start":{"line":89,"column":0},"end":{"line":89,"column":41}},"89":{"start":{"line":90,"column":0},"end":{"line":90,"column":11}},"90":{"start":{"line":91,"column":0},"end":{"line":91,"column":29}},"91":{"start":{"line":92,"column":0},"end":{"line":92,"column":38}},"92":{"start":{"line":93,"column":0},"end":{"line":93,"column":45}},"93":{"start":{"line":94,"column":0},"end":{"line":94,"column":12}},"94":{"start":{"line":95,"column":0},"end":{"line":95,"column":10}},"95":{"start":{"line":96,"column":0},"end":{"line":96,"column":16}},"96":{"start":{"line":97,"column":0},"end":{"line":97,"column":26}},"97":{"start":{"line":98,"column":0},"end":{"line":98,"column":86}},"98":{"start":{"line":99,"column":0},"end":{"line":99,"column":10}},"99":{"start":{"line":100,"column":0},"end":{"line":100,"column":8}},"100":{"start":{"line":101,"column":0},"end":{"line":101,"column":6}},"101":{"start":{"line":102,"column":0},"end":{"line":102,"column":27}},"102":{"start":{"line":103,"column":0},"end":{"line":103,"column":3}},"104":{"start":{"line":105,"column":0},"end":{"line":105,"column":44}},"105":{"start":{"line":106,"column":0},"end":{"line":106,"column":16}},"106":{"start":{"line":107,"column":0},"end":{"line":107,"column":48}},"107":{"start":{"line":108,"column":0},"end":{"line":108,"column":15}},"108":{"start":{"line":109,"column":0},"end":{"line":109,"column":37}},"109":{"start":{"line":110,"column":0},"end":{"line":110,"column":36}},"110":{"start":{"line":111,"column":0},"end":{"line":111,"column":67}},"111":{"start":{"line":112,"column":0},"end":{"line":112,"column":5}},"112":{"start":{"line":113,"column":0},"end":{"line":113,"column":43}},"113":{"start":{"line":114,"column":0},"end":{"line":114,"column":43}},"114":{"start":{"line":115,"column":0},"end":{"line":115,"column":60}},"115":{"start":{"line":116,"column":0},"end":{"line":116,"column":85}},"116":{"start":{"line":117,"column":0},"end":{"line":117,"column":45}},"117":{"start":{"line":118,"column":0},"end":{"line":118,"column":18}},"118":{"start":{"line":119,"column":0},"end":{"line":119,"column":61}},"119":{"start":{"line":120,"column":0},"end":{"line":120,"column":21}},"120":{"start":{"line":121,"column":0},"end":{"line":121,"column":17}},"121":{"start":{"line":122,"column":0},"end":{"line":122,"column":19}},"122":{"start":{"line":123,"column":0},"end":{"line":123,"column":50}},"123":{"start":{"line":124,"column":0},"end":{"line":124,"column":22}},"124":{"start":{"line":125,"column":0},"end":{"line":125,"column":25}},"125":{"start":{"line":126,"column":0},"end":{"line":126,"column":21}},"126":{"start":{"line":127,"column":0},"end":{"line":127,"column":41}},"127":{"start":{"line":128,"column":0},"end":{"line":128,"column":11}},"128":{"start":{"line":129,"column":0},"end":{"line":129,"column":29}},"129":{"start":{"line":130,"column":0},"end":{"line":130,"column":38}},"130":{"start":{"line":131,"column":0},"end":{"line":131,"column":45}},"131":{"start":{"line":132,"column":0},"end":{"line":132,"column":12}},"132":{"start":{"line":133,"column":0},"end":{"line":133,"column":10}},"133":{"start":{"line":134,"column":0},"end":{"line":134,"column":16}},"134":{"start":{"line":135,"column":0},"end":{"line":135,"column":26}},"135":{"start":{"line":136,"column":0},"end":{"line":136,"column":86}},"136":{"start":{"line":137,"column":0},"end":{"line":137,"column":10}},"137":{"start":{"line":138,"column":0},"end":{"line":138,"column":8}},"138":{"start":{"line":139,"column":0},"end":{"line":139,"column":6}},"139":{"start":{"line":140,"column":0},"end":{"line":140,"column":27}},"140":{"start":{"line":141,"column":0},"end":{"line":141,"column":3}},"141":{"start":{"line":142,"column":0},"end":{"line":142,"column":1}}},"s":{"0":1,"33":1,"34":1,"35":1,"36":1,"37":34,"38":34,"39":34,"41":1,"42":1,"43":1,"44":1,"45":1,"46":1,"47":1,"48":1,"49":1,"50":1,"51":1,"52":1,"53":1,"54":1,"55":1,"56":1,"57":1,"58":1,"59":1,"60":1,"61":1,"63":1,"64":1,"65":1,"66":1,"67":10,"68":10,"69":10,"70":10,"71":10,"72":10,"73":10,"74":10,"75":10,"76":10,"77":10,"78":10,"79":10,"80":10,"81":10,"82":9,"83":9,"84":9,"85":9,"86":9,"87":9,"88":9,"89":9,"90":9,"91":9,"92":9,"93":9,"94":9,"95":7,"96":7,"97":7,"98":7,"99":9,"100":10,"101":8,"102":10,"104":1,"105":1,"106":1,"107":1,"108":4,"109":4,"110":4,"111":4,"112":4,"113":4,"114":4,"115":4,"116":4,"117":4,"118":4,"119":4,"120":4,"121":4,"122":4,"123":4,"124":4,"125":4,"126":4,"127":4,"128":4,"129":4,"130":4,"131":4,"132":4,"133":3,"134":3,"135":3,"136":3,"137":4,"138":4,"139":3,"140":4,"141":1},"branchMap":{"0":{"type":"branch","line":37,"loc":{"start":{"line":37,"column":2},"end":{"line":40,"column":6}},"locations":[{"start":{"line":37,"column":2},"end":{"line":40,"column":6}}]},"1":{"type":"branch","line":46,"loc":{"start":{"line":46,"column":2},"end":{"line":62,"column":3}},"locations":[{"start":{"line":46,"column":2},"end":{"line":62,"column":3}}]},"2":{"type":"branch","line":48,"loc":{"start":{"line":48,"column":21},"end":{"line":48,"column":60}},"locations":[{"start":{"line":48,"column":21},"end":{"line":48,"column":60}}]},"3":{"type":"branch","line":67,"loc":{"start":{"line":67,"column":2},"end":{"line":103,"column":3}},"locations":[{"start":{"line":67,"column":2},"end":{"line":103,"column":3}}]},"4":{"type":"branch","line":74,"loc":{"start":{"line":74,"column":21},"end":{"line":74,"column":60}},"locations":[{"start":{"line":74,"column":21},"end":{"line":74,"column":60}}]},"5":{"type":"branch","line":81,"loc":{"start":{"line":81,"column":6},"end":{"line":81,"column":17}},"locations":[{"start":{"line":81,"column":6},"end":{"line":81,"column":17}}]},"6":{"type":"branch","line":101,"loc":{"start":{"line":101,"column":4},"end":{"line":102,"column":27}},"locations":[{"start":{"line":101,"column":4},"end":{"line":102,"column":27}}]},"7":{"type":"branch","line":82,"loc":{"start":{"line":82,"column":6},"end":{"line":100,"column":8}},"locations":[{"start":{"line":82,"column":6},"end":{"line":100,"column":8}}]},"8":{"type":"branch","line":95,"loc":{"start":{"line":95,"column":8},"end":{"line":99,"column":10}},"locations":[{"start":{"line":95,"column":8},"end":{"line":99,"column":10}}]},"9":{"type":"branch","line":108,"loc":{"start":{"line":108,"column":2},"end":{"line":141,"column":3}},"locations":[{"start":{"line":108,"column":2},"end":{"line":141,"column":3}}]},"10":{"type":"branch","line":115,"loc":{"start":{"line":115,"column":21},"end":{"line":115,"column":60}},"locations":[{"start":{"line":115,"column":21},"end":{"line":115,"column":60}}]},"11":{"type":"branch","line":121,"loc":{"start":{"line":121,"column":6},"end":{"line":121,"column":17}},"locations":[{"start":{"line":121,"column":6},"end":{"line":121,"column":17}}]},"12":{"type":"branch","line":139,"loc":{"start":{"line":139,"column":4},"end":{"line":140,"column":27}},"locations":[{"start":{"line":139,"column":4},"end":{"line":140,"column":27}}]},"13":{"type":"branch","line":122,"loc":{"start":{"line":122,"column":6},"end":{"line":138,"column":8}},"locations":[{"start":{"line":122,"column":6},"end":{"line":138,"column":8}}]},"14":{"type":"branch","line":133,"loc":{"start":{"line":133,"column":8},"end":{"line":137,"column":10}},"locations":[{"start":{"line":133,"column":8},"end":{"line":137,"column":10}}]}},"b":{"0":[34],"1":[1],"2":[0],"3":[10],"4":[0],"5":[0],"6":[8],"7":[9],"8":[7],"9":[4],"10":[0],"11":[0],"12":[3],"13":[4],"14":[3]},"fnMap":{"0":{"name":"ApprovalsController","decl":{"start":{"line":37,"column":2},"end":{"line":40,"column":6}},"loc":{"start":{"line":37,"column":2},"end":{"line":40,"column":6}},"line":37},"1":{"name":"listPending","decl":{"start":{"line":46,"column":2},"end":{"line":62,"column":3}},"loc":{"start":{"line":46,"column":2},"end":{"line":62,"column":3}},"line":46},"2":{"name":"approve","decl":{"start":{"line":67,"column":2},"end":{"line":103,"column":3}},"loc":{"start":{"line":67,"column":2},"end":{"line":103,"column":3}},"line":67},"3":{"name":"reject","decl":{"start":{"line":108,"column":2},"end":{"line":141,"column":3}},"loc":{"start":{"line":108,"column":2},"end":{"line":141,"column":3}},"line":108}},"f":{"0":34,"1":1,"2":10,"3":4}}
,"/Users/omid.houshyar/dev/readyon/timeoff-service-project/src/api/balances.controller.ts": {"path":"/Users/omid.houshyar/dev/readyon/timeoff-service-project/src/api/balances.controller.ts","all":false,"statementMap":{"0":{"start":{"line":1,"column":0},"end":{"line":1,"column":95}},"14":{"start":{"line":15,"column":0},"end":{"line":15,"column":13}},"15":{"start":{"line":16,"column":0},"end":{"line":16,"column":24}},"16":{"start":{"line":17,"column":0},"end":{"line":17,"column":33}},"17":{"start":{"line":18,"column":0},"end":{"line":18,"column":14}},"18":{"start":{"line":19,"column":0},"end":{"line":19,"column":66}},"19":{"start":{"line":20,"column":0},"end":{"line":20,"column":72}},"20":{"start":{"line":21,"column":0},"end":{"line":21,"column":87}},"21":{"start":{"line":22,"column":0},"end":{"line":22,"column":6}},"23":{"start":{"line":24,"column":0},"end":{"line":24,"column":40}},"24":{"start":{"line":25,"column":0},"end":{"line":25,"column":48}},"25":{"start":{"line":26,"column":0},"end":{"line":26,"column":17}},"26":{"start":{"line":27,"column":0},"end":{"line":27,"column":37}},"27":{"start":{"line":28,"column":0},"end":{"line":28,"column":36}},"28":{"start":{"line":29,"column":0},"end":{"line":29,"column":44}},"29":{"start":{"line":30,"column":0},"end":{"line":30,"column":5}},"30":{"start":{"line":31,"column":0},"end":{"line":31,"column":31}},"31":{"start":{"line":32,"column":0},"end":{"line":32,"column":52}},"32":{"start":{"line":33,"column":0},"end":{"line":33,"column":69}},"33":{"start":{"line":34,"column":0},"end":{"line":34,"column":12}},"34":{"start":{"line":35,"column":0},"end":{"line":35,"column":74}},"35":{"start":{"line":36,"column":0},"end":{"line":36,"column":5}},"36":{"start":{"line":37,"column":0},"end":{"line":37,"column":49}},"37":{"start":{"line":38,"column":0},"end":{"line":38,"column":70}},"38":{"start":{"line":39,"column":0},"end":{"line":39,"column":27}},"39":{"start":{"line":40,"column":0},"end":{"line":40,"column":7}},"40":{"start":{"line":41,"column":0},"end":{"line":41,"column":60}},"41":{"start":{"line":42,"column":0},"end":{"line":42,"column":40}},"42":{"start":{"line":43,"column":0},"end":{"line":43,"column":51}},"43":{"start":{"line":44,"column":0},"end":{"line":44,"column":17}},"44":{"start":{"line":45,"column":0},"end":{"line":45,"column":15}},"45":{"start":{"line":46,"column":0},"end":{"line":46,"column":34}},"46":{"start":{"line":47,"column":0},"end":{"line":47,"column":7}},"47":{"start":{"line":48,"column":0},"end":{"line":48,"column":3}},"49":{"start":{"line":50,"column":0},"end":{"line":50,"column":46}},"50":{"start":{"line":51,"column":0},"end":{"line":51,"column":48}},"51":{"start":{"line":52,"column":0},"end":{"line":52,"column":22}},"52":{"start":{"line":53,"column":0},"end":{"line":53,"column":37}},"53":{"start":{"line":54,"column":0},"end":{"line":54,"column":36}},"54":{"start":{"line":55,"column":0},"end":{"line":55,"column":44}},"55":{"start":{"line":56,"column":0},"end":{"line":56,"column":5}},"56":{"start":{"line":57,"column":0},"end":{"line":57,"column":31}},"57":{"start":{"line":58,"column":0},"end":{"line":58,"column":52}},"58":{"start":{"line":59,"column":0},"end":{"line":59,"column":69}},"59":{"start":{"line":60,"column":0},"end":{"line":60,"column":12}},"60":{"start":{"line":61,"column":0},"end":{"line":61,"column":74}},"61":{"start":{"line":62,"column":0},"end":{"line":62,"column":5}},"62":{"start":{"line":63,"column":0},"end":{"line":63,"column":60}},"63":{"start":{"line":64,"column":0},"end":{"line":64,"column":37}},"64":{"start":{"line":65,"column":0},"end":{"line":65,"column":51}},"65":{"start":{"line":66,"column":0},"end":{"line":66,"column":47}},"66":{"start":{"line":67,"column":0},"end":{"line":67,"column":14}},"67":{"start":{"line":68,"column":0},"end":{"line":68,"column":42}},"68":{"start":{"line":69,"column":0},"end":{"line":69,"column":23}},"69":{"start":{"line":70,"column":0},"end":{"line":70,"column":41}},"70":{"start":{"line":71,"column":0},"end":{"line":71,"column":9}},"71":{"start":{"line":72,"column":0},"end":{"line":72,"column":54}},"72":{"start":{"line":73,"column":0},"end":{"line":73,"column":7}},"73":{"start":{"line":74,"column":0},"end":{"line":74,"column":42}},"74":{"start":{"line":75,"column":0},"end":{"line":75,"column":57}},"75":{"start":{"line":76,"column":0},"end":{"line":76,"column":17}},"76":{"start":{"line":77,"column":0},"end":{"line":77,"column":15}},"77":{"start":{"line":78,"column":0},"end":{"line":78,"column":17}},"78":{"start":{"line":79,"column":0},"end":{"line":79,"column":7}},"79":{"start":{"line":80,"column":0},"end":{"line":80,"column":3}},"80":{"start":{"line":81,"column":0},"end":{"line":81,"column":1}}},"s":{"0":1,"14":1,"15":1,"16":1,"17":1,"18":34,"19":34,"20":34,"21":34,"23":1,"24":1,"25":1,"26":6,"27":6,"28":6,"29":6,"30":6,"31":6,"32":1,"33":6,"34":5,"35":4,"36":5,"37":5,"38":5,"39":5,"40":5,"41":5,"42":5,"43":5,"44":5,"45":5,"46":5,"47":6,"49":1,"50":1,"51":1,"52":2,"53":2,"54":2,"55":2,"56":2,"57":2,"58":0,"59":2,"60":2,"61":1,"62":1,"63":1,"64":1,"65":1,"66":1,"67":1,"68":1,"69":1,"70":1,"71":1,"72":1,"73":1,"74":1,"75":1,"76":1,"77":1,"78":1,"79":2,"80":1},"branchMap":{"0":{"type":"branch","line":18,"loc":{"start":{"line":18,"column":2},"end":{"line":22,"column":6}},"locations":[{"start":{"line":18,"column":2},"end":{"line":22,"column":6}}]},"1":{"type":"branch","line":26,"loc":{"start":{"line":26,"column":2},"end":{"line":48,"column":3}},"locations":[{"start":{"line":26,"column":2},"end":{"line":48,"column":3}}]},"2":{"type":"branch","line":32,"loc":{"start":{"line":32,"column":51},"end":{"line":34,"column":11}},"locations":[{"start":{"line":32,"column":51},"end":{"line":34,"column":11}}]},"3":{"type":"branch","line":34,"loc":{"start":{"line":34,"column":4},"end":{"line":47,"column":7}},"locations":[{"start":{"line":34,"column":4},"end":{"line":47,"column":7}}]},"4":{"type":"branch","line":35,"loc":{"start":{"line":35,"column":72},"end":{"line":36,"column":5}},"locations":[{"start":{"line":35,"column":72},"end":{"line":36,"column":5}}]},"5":{"type":"branch","line":52,"loc":{"start":{"line":52,"column":2},"end":{"line":80,"column":3}},"locations":[{"start":{"line":52,"column":2},"end":{"line":80,"column":3}}]},"6":{"type":"branch","line":58,"loc":{"start":{"line":58,"column":51},"end":{"line":60,"column":11}},"locations":[{"start":{"line":58,"column":51},"end":{"line":60,"column":11}}]},"7":{"type":"branch","line":61,"loc":{"start":{"line":61,"column":72},"end":{"line":79,"column":7}},"locations":[{"start":{"line":61,"column":72},"end":{"line":79,"column":7}}]}},"b":{"0":[34],"1":[6],"2":[1],"3":[5],"4":[4],"5":[2],"6":[0],"7":[1]},"fnMap":{"0":{"name":"BalancesController","decl":{"start":{"line":18,"column":2},"end":{"line":22,"column":6}},"loc":{"start":{"line":18,"column":2},"end":{"line":22,"column":6}},"line":18},"1":{"name":"balances","decl":{"start":{"line":26,"column":2},"end":{"line":48,"column":3}},"loc":{"start":{"line":26,"column":2},"end":{"line":48,"column":3}},"line":26},"2":{"name":"balanceLedger","decl":{"start":{"line":52,"column":2},"end":{"line":80,"column":3}},"loc":{"start":{"line":52,"column":2},"end":{"line":80,"column":3}},"line":52}},"f":{"0":34,"1":6,"2":2}}
,"/Users/omid.houshyar/dev/readyon/timeoff-service-project/src/api/employees.controller.ts": {"path":"/Users/omid.houshyar/dev/readyon/timeoff-service-project/src/api/employees.controller.ts","all":false,"statementMap":{"0":{"start":{"line":1,"column":0},"end":{"line":1,"column":88}},"10":{"start":{"line":11,"column":0},"end":{"line":11,"column":13}},"11":{"start":{"line":12,"column":0},"end":{"line":12,"column":24}},"12":{"start":{"line":13,"column":0},"end":{"line":13,"column":34}},"13":{"start":{"line":14,"column":0},"end":{"line":14,"column":14}},"14":{"start":{"line":15,"column":0},"end":{"line":15,"column":66}},"15":{"start":{"line":16,"column":0},"end":{"line":16,"column":87}},"16":{"start":{"line":17,"column":0},"end":{"line":17,"column":6}},"18":{"start":{"line":19,"column":0},"end":{"line":19,"column":31}},"19":{"start":{"line":20,"column":0},"end":{"line":20,"column":48}},"20":{"start":{"line":21,"column":0},"end":{"line":21,"column":88}},"21":{"start":{"line":22,"column":0},"end":{"line":22,"column":31}},"22":{"start":{"line":23,"column":0},"end":{"line":23,"column":52}},"23":{"start":{"line":24,"column":0},"end":{"line":24,"column":69}},"24":{"start":{"line":25,"column":0},"end":{"line":25,"column":12}},"25":{"start":{"line":26,"column":0},"end":{"line":26,"column":74}},"26":{"start":{"line":27,"column":0},"end":{"line":27,"column":5}},"27":{"start":{"line":28,"column":0},"end":{"line":28,"column":56}},"28":{"start":{"line":29,"column":0},"end":{"line":29,"column":39}},"29":{"start":{"line":30,"column":0},"end":{"line":30,"column":3}},"30":{"start":{"line":31,"column":0},"end":{"line":31,"column":1}}},"s":{"0":1,"10":1,"11":1,"12":1,"13":1,"14":34,"15":34,"16":34,"18":1,"19":1,"20":1,"21":5,"22":5,"23":2,"24":5,"25":3,"26":2,"27":4,"28":2,"29":5,"30":1},"branchMap":{"0":{"type":"branch","line":14,"loc":{"start":{"line":14,"column":2},"end":{"line":17,"column":6}},"locations":[{"start":{"line":14,"column":2},"end":{"line":17,"column":6}}]},"1":{"type":"branch","line":21,"loc":{"start":{"line":21,"column":2},"end":{"line":30,"column":3}},"locations":[{"start":{"line":21,"column":2},"end":{"line":30,"column":3}}]},"2":{"type":"branch","line":23,"loc":{"start":{"line":23,"column":51},"end":{"line":25,"column":11}},"locations":[{"start":{"line":23,"column":51},"end":{"line":25,"column":11}}]},"3":{"type":"branch","line":25,"loc":{"start":{"line":25,"column":4},"end":{"line":27,"column":5}},"locations":[{"start":{"line":25,"column":4},"end":{"line":27,"column":5}}]},"4":{"type":"branch","line":26,"loc":{"start":{"line":26,"column":72},"end":{"line":27,"column":5}},"locations":[{"start":{"line":26,"column":72},"end":{"line":27,"column":5}}]},"5":{"type":"branch","line":27,"loc":{"start":{"line":27,"column":4},"end":{"line":28,"column":56}},"locations":[{"start":{"line":27,"column":4},"end":{"line":28,"column":56}}]},"6":{"type":"branch","line":28,"loc":{"start":{"line":28,"column":54},"end":{"line":29,"column":39}},"locations":[{"start":{"line":28,"column":54},"end":{"line":29,"column":39}}]}},"b":{"0":[34],"1":[5],"2":[2],"3":[3],"4":[2],"5":[4],"6":[2]},"fnMap":{"0":{"name":"EmployeesController","decl":{"start":{"line":14,"column":2},"end":{"line":17,"column":6}},"loc":{"start":{"line":14,"column":2},"end":{"line":17,"column":6}},"line":14},"1":{"name":"getEmployee","decl":{"start":{"line":21,"column":2},"end":{"line":30,"column":3}},"loc":{"start":{"line":21,"column":2},"end":{"line":30,"column":3}},"line":21}},"f":{"0":34,"1":5}}
,"/Users/omid.houshyar/dev/readyon/timeoff-service-project/src/api/health.controller.ts": {"path":"/Users/omid.houshyar/dev/readyon/timeoff-service-project/src/api/health.controller.ts","all":false,"statementMap":{"0":{"start":{"line":1,"column":0},"end":{"line":1,"column":84}},"4":{"start":{"line":5,"column":0},"end":{"line":5,"column":13}},"5":{"start":{"line":6,"column":0},"end":{"line":6,"column":31}},"6":{"start":{"line":7,"column":0},"end":{"line":7,"column":79}},"8":{"start":{"line":9,"column":0},"end":{"line":9,"column":22}},"9":{"start":{"line":10,"column":0},"end":{"line":10,"column":10}},"10":{"start":{"line":11,"column":0},"end":{"line":11,"column":28}},"11":{"start":{"line":12,"column":0},"end":{"line":12,"column":3}},"13":{"start":{"line":14,"column":0},"end":{"line":14,"column":23}},"14":{"start":{"line":15,"column":0},"end":{"line":15,"column":26}},"15":{"start":{"line":16,"column":0},"end":{"line":16,"column":58}},"16":{"start":{"line":17,"column":0},"end":{"line":17,"column":9}},"17":{"start":{"line":18,"column":0},"end":{"line":18,"column":44}},"18":{"start":{"line":19,"column":0},"end":{"line":19,"column":33}},"19":{"start":{"line":20,"column":0},"end":{"line":20,"column":13}},"20":{"start":{"line":21,"column":0},"end":{"line":21,"column":49}},"21":{"start":{"line":22,"column":0},"end":{"line":22,"column":37}},"22":{"start":{"line":23,"column":0},"end":{"line":23,"column":5}},"23":{"start":{"line":24,"column":0},"end":{"line":24,"column":3}},"24":{"start":{"line":25,"column":0},"end":{"line":25,"column":1}}},"s":{"0":1,"4":1,"5":1,"6":1,"8":1,"9":1,"10":2,"11":2,"13":1,"14":1,"15":1,"16":2,"17":2,"18":1,"19":1,"20":1,"21":1,"22":1,"23":2,"24":1},"branchMap":{"0":{"type":"branch","line":7,"loc":{"start":{"line":7,"column":2},"end":{"line":7,"column":79}},"locations":[{"start":{"line":7,"column":2},"end":{"line":7,"column":79}}]},"1":{"type":"branch","line":10,"loc":{"start":{"line":10,"column":2},"end":{"line":12,"column":3}},"locations":[{"start":{"line":10,"column":2},"end":{"line":12,"column":3}}]},"2":{"type":"branch","line":16,"loc":{"start":{"line":16,"column":2},"end":{"line":24,"column":3}},"locations":[{"start":{"line":16,"column":2},"end":{"line":24,"column":3}}]},"3":{"type":"branch","line":18,"loc":{"start":{"line":18,"column":24},"end":{"line":23,"column":5}},"locations":[{"start":{"line":18,"column":24},"end":{"line":23,"column":5}}]}},"b":{"0":[34],"1":[2],"2":[2],"3":[1]},"fnMap":{"0":{"name":"HealthController","decl":{"start":{"line":7,"column":2},"end":{"line":7,"column":79}},"loc":{"start":{"line":7,"column":2},"end":{"line":7,"column":79}},"line":7},"1":{"name":"live","decl":{"start":{"line":10,"column":2},"end":{"line":12,"column":3}},"loc":{"start":{"line":10,"column":2},"end":{"line":12,"column":3}},"line":10},"2":{"name":"ready","decl":{"start":{"line":16,"column":2},"end":{"line":24,"column":3}},"loc":{"start":{"line":16,"column":2},"end":{"line":24,"column":3}},"line":16}},"f":{"0":34,"1":2,"2":2}}
,"/Users/omid.houshyar/dev/readyon/timeoff-service-project/src/api/leave-requests.controller.ts": {"path":"/Users/omid.houshyar/dev/readyon/timeoff-service-project/src/api/leave-requests.controller.ts","all":false,"statementMap":{"0":{"start":{"line":1,"column":0},"end":{"line":1,"column":8}},"40":{"start":{"line":41,"column":0},"end":{"line":41,"column":13}},"41":{"start":{"line":42,"column":0},"end":{"line":42,"column":24}},"42":{"start":{"line":43,"column":0},"end":{"line":43,"column":38}},"43":{"start":{"line":44,"column":0},"end":{"line":44,"column":14}},"44":{"start":{"line":45,"column":0},"end":{"line":45,"column":66}},"45":{"start":{"line":46,"column":0},"end":{"line":46,"column":72}},"46":{"start":{"line":47,"column":0},"end":{"line":47,"column":87}},"47":{"start":{"line":48,"column":0},"end":{"line":48,"column":6}},"49":{"start":{"line":50,"column":0},"end":{"line":50,"column":33}},"50":{"start":{"line":51,"column":0},"end":{"line":51,"column":48}},"51":{"start":{"line":52,"column":0},"end":{"line":52,"column":15}},"52":{"start":{"line":53,"column":0},"end":{"line":53,"column":37}},"53":{"start":{"line":54,"column":0},"end":{"line":54,"column":19}},"62":{"start":{"line":63,"column":0},"end":{"line":63,"column":46}},"63":{"start":{"line":64,"column":0},"end":{"line":64,"column":5}},"64":{"start":{"line":65,"column":0},"end":{"line":65,"column":46}},"65":{"start":{"line":66,"column":0},"end":{"line":66,"column":22}},"66":{"start":{"line":67,"column":0},"end":{"line":67,"column":74}},"67":{"start":{"line":68,"column":0},"end":{"line":68,"column":70}},"69":{"start":{"line":70,"column":0},"end":{"line":70,"column":38}},"70":{"start":{"line":71,"column":0},"end":{"line":71,"column":94}},"71":{"start":{"line":72,"column":0},"end":{"line":72,"column":5}},"73":{"start":{"line":74,"column":0},"end":{"line":74,"column":91}},"74":{"start":{"line":75,"column":0},"end":{"line":75,"column":38}},"75":{"start":{"line":76,"column":0},"end":{"line":76,"column":5}},"77":{"start":{"line":78,"column":0},"end":{"line":78,"column":49}},"78":{"start":{"line":79,"column":0},"end":{"line":79,"column":85}},"79":{"start":{"line":80,"column":0},"end":{"line":80,"column":45}},"80":{"start":{"line":81,"column":0},"end":{"line":81,"column":18}},"81":{"start":{"line":82,"column":0},"end":{"line":82,"column":36}},"82":{"start":{"line":83,"column":0},"end":{"line":83,"column":21}},"83":{"start":{"line":84,"column":0},"end":{"line":84,"column":11}},"84":{"start":{"line":85,"column":0},"end":{"line":85,"column":19}},"85":{"start":{"line":86,"column":0},"end":{"line":86,"column":49}},"86":{"start":{"line":87,"column":0},"end":{"line":87,"column":22}},"87":{"start":{"line":88,"column":0},"end":{"line":88,"column":14}},"88":{"start":{"line":89,"column":0},"end":{"line":89,"column":26}},"89":{"start":{"line":90,"column":0},"end":{"line":90,"column":11}},"90":{"start":{"line":91,"column":0},"end":{"line":91,"column":23}},"91":{"start":{"line":92,"column":0},"end":{"line":92,"column":24}},"92":{"start":{"line":93,"column":0},"end":{"line":93,"column":57}},"93":{"start":{"line":94,"column":0},"end":{"line":94,"column":53}},"94":{"start":{"line":95,"column":0},"end":{"line":95,"column":75}},"95":{"start":{"line":96,"column":0},"end":{"line":96,"column":73}},"96":{"start":{"line":97,"column":0},"end":{"line":97,"column":76}},"97":{"start":{"line":98,"column":0},"end":{"line":98,"column":55}},"98":{"start":{"line":99,"column":0},"end":{"line":99,"column":42}},"99":{"start":{"line":100,"column":0},"end":{"line":100,"column":72}},"100":{"start":{"line":101,"column":0},"end":{"line":101,"column":12}},"101":{"start":{"line":102,"column":0},"end":{"line":102,"column":11}},"102":{"start":{"line":103,"column":0},"end":{"line":103,"column":29}},"103":{"start":{"line":104,"column":0},"end":{"line":104,"column":38}},"104":{"start":{"line":105,"column":0},"end":{"line":105,"column":45}},"105":{"start":{"line":106,"column":0},"end":{"line":106,"column":12}},"106":{"start":{"line":107,"column":0},"end":{"line":107,"column":10}},"107":{"start":{"line":108,"column":0},"end":{"line":108,"column":16}},"108":{"start":{"line":109,"column":0},"end":{"line":109,"column":26}},"109":{"start":{"line":110,"column":0},"end":{"line":110,"column":85}},"110":{"start":{"line":111,"column":0},"end":{"line":111,"column":10}},"111":{"start":{"line":112,"column":0},"end":{"line":112,"column":8}},"112":{"start":{"line":113,"column":0},"end":{"line":113,"column":6}},"114":{"start":{"line":115,"column":0},"end":{"line":115,"column":38}},"115":{"start":{"line":116,"column":0},"end":{"line":116,"column":27}},"116":{"start":{"line":117,"column":0},"end":{"line":117,"column":3}},"118":{"start":{"line":119,"column":0},"end":{"line":119,"column":32}},"119":{"start":{"line":120,"column":0},"end":{"line":120,"column":48}},"120":{"start":{"line":121,"column":0},"end":{"line":121,"column":89}},"121":{"start":{"line":122,"column":0},"end":{"line":122,"column":70}},"122":{"start":{"line":123,"column":0},"end":{"line":123,"column":60}},"124":{"start":{"line":125,"column":0},"end":{"line":125,"column":40}},"125":{"start":{"line":126,"column":0},"end":{"line":126,"column":42}},"127":{"start":{"line":128,"column":0},"end":{"line":128,"column":52}},"128":{"start":{"line":129,"column":0},"end":{"line":129,"column":38}},"129":{"start":{"line":130,"column":0},"end":{"line":130,"column":88}},"130":{"start":{"line":131,"column":0},"end":{"line":131,"column":69}},"131":{"start":{"line":132,"column":0},"end":{"line":132,"column":50}},"132":{"start":{"line":133,"column":0},"end":{"line":133,"column":29}},"133":{"start":{"line":134,"column":0},"end":{"line":134,"column":9}},"134":{"start":{"line":135,"column":0},"end":{"line":135,"column":73}},"135":{"start":{"line":136,"column":0},"end":{"line":136,"column":31}},"136":{"start":{"line":137,"column":0},"end":{"line":137,"column":51}},"137":{"start":{"line":138,"column":0},"end":{"line":138,"column":42}},"138":{"start":{"line":139,"column":0},"end":{"line":139,"column":9}},"139":{"start":{"line":140,"column":0},"end":{"line":140,"column":39}},"140":{"start":{"line":141,"column":0},"end":{"line":141,"column":14}},"141":{"start":{"line":142,"column":0},"end":{"line":142,"column":30}},"142":{"start":{"line":143,"column":0},"end":{"line":143,"column":7}},"143":{"start":{"line":144,"column":0},"end":{"line":144,"column":12}},"144":{"start":{"line":145,"column":0},"end":{"line":145,"column":76}},"145":{"start":{"line":146,"column":0},"end":{"line":146,"column":40}},"146":{"start":{"line":147,"column":0},"end":{"line":147,"column":7}},"147":{"start":{"line":148,"column":0},"end":{"line":148,"column":39}},"148":{"start":{"line":149,"column":0},"end":{"line":149,"column":5}},"150":{"start":{"line":151,"column":0},"end":{"line":151,"column":72}},"151":{"start":{"line":152,"column":0},"end":{"line":152,"column":17}},"152":{"start":{"line":153,"column":0},"end":{"line":153,"column":18}},"153":{"start":{"line":154,"column":0},"end":{"line":154,"column":29}},"154":{"start":{"line":155,"column":0},"end":{"line":155,"column":23}},"155":{"start":{"line":156,"column":0},"end":{"line":156,"column":15}},"156":{"start":{"line":157,"column":0},"end":{"line":157,"column":7}},"158":{"start":{"line":159,"column":0},"end":{"line":159,"column":42}},"159":{"start":{"line":160,"column":0},"end":{"line":160,"column":41}},"160":{"start":{"line":161,"column":0},"end":{"line":161,"column":17}},"161":{"start":{"line":162,"column":0},"end":{"line":162,"column":15}},"162":{"start":{"line":163,"column":0},"end":{"line":163,"column":17}},"163":{"start":{"line":164,"column":0},"end":{"line":164,"column":7}},"164":{"start":{"line":165,"column":0},"end":{"line":165,"column":3}},"166":{"start":{"line":167,"column":0},"end":{"line":167,"column":36}},"167":{"start":{"line":168,"column":0},"end":{"line":168,"column":48}},"168":{"start":{"line":169,"column":0},"end":{"line":169,"column":83}},"169":{"start":{"line":170,"column":0},"end":{"line":170,"column":71}},"170":{"start":{"line":171,"column":0},"end":{"line":171,"column":53}},"171":{"start":{"line":172,"column":0},"end":{"line":172,"column":89}},"172":{"start":{"line":173,"column":0},"end":{"line":173,"column":5}},"173":{"start":{"line":174,"column":0},"end":{"line":174,"column":41}},"174":{"start":{"line":175,"column":0},"end":{"line":175,"column":3}},"176":{"start":{"line":177,"column":0},"end":{"line":177,"column":38}},"177":{"start":{"line":178,"column":0},"end":{"line":178,"column":48}},"178":{"start":{"line":179,"column":0},"end":{"line":179,"column":15}},"179":{"start":{"line":180,"column":0},"end":{"line":180,"column":37}},"180":{"start":{"line":181,"column":0},"end":{"line":181,"column":36}},"181":{"start":{"line":182,"column":0},"end":{"line":182,"column":70}},"182":{"start":{"line":183,"column":0},"end":{"line":183,"column":5}},"183":{"start":{"line":184,"column":0},"end":{"line":184,"column":73}},"184":{"start":{"line":185,"column":0},"end":{"line":185,"column":100}},"185":{"start":{"line":186,"column":0},"end":{"line":186,"column":38}},"186":{"start":{"line":187,"column":0},"end":{"line":187,"column":5}},"188":{"start":{"line":189,"column":0},"end":{"line":189,"column":46}},"190":{"start":{"line":191,"column":0},"end":{"line":191,"column":44}},"191":{"start":{"line":192,"column":0},"end":{"line":192,"column":18}},"192":{"start":{"line":193,"column":0},"end":{"line":193,"column":22}},"193":{"start":{"line":194,"column":0},"end":{"line":194,"column":7}},"194":{"start":{"line":195,"column":0},"end":{"line":195,"column":83}},"195":{"start":{"line":196,"column":0},"end":{"line":196,"column":77}},"196":{"start":{"line":197,"column":0},"end":{"line":197,"column":71}},"197":{"start":{"line":198,"column":0},"end":{"line":198,"column":69}},"198":{"start":{"line":199,"column":0},"end":{"line":199,"column":76}},"199":{"start":{"line":200,"column":0},"end":{"line":200,"column":51}},"200":{"start":{"line":201,"column":0},"end":{"line":201,"column":8}},"201":{"start":{"line":202,"column":0},"end":{"line":202,"column":7}},"202":{"start":{"line":203,"column":0},"end":{"line":203,"column":25}},"203":{"start":{"line":204,"column":0},"end":{"line":204,"column":34}},"204":{"start":{"line":205,"column":0},"end":{"line":205,"column":41}},"205":{"start":{"line":206,"column":0},"end":{"line":206,"column":8}},"206":{"start":{"line":207,"column":0},"end":{"line":207,"column":6}},"208":{"start":{"line":209,"column":0},"end":{"line":209,"column":41}},"209":{"start":{"line":210,"column":0},"end":{"line":210,"column":3}},"211":{"start":{"line":212,"column":0},"end":{"line":212,"column":44}},"212":{"start":{"line":213,"column":0},"end":{"line":213,"column":16}},"213":{"start":{"line":214,"column":0},"end":{"line":214,"column":48}},"214":{"start":{"line":215,"column":0},"end":{"line":215,"column":15}},"215":{"start":{"line":216,"column":0},"end":{"line":216,"column":37}},"216":{"start":{"line":217,"column":0},"end":{"line":217,"column":36}},"217":{"start":{"line":218,"column":0},"end":{"line":218,"column":26}},"218":{"start":{"line":219,"column":0},"end":{"line":219,"column":5}},"219":{"start":{"line":220,"column":0},"end":{"line":220,"column":73}},"220":{"start":{"line":221,"column":0},"end":{"line":221,"column":100}},"221":{"start":{"line":222,"column":0},"end":{"line":222,"column":38}},"222":{"start":{"line":223,"column":0},"end":{"line":223,"column":5}},"223":{"start":{"line":224,"column":0},"end":{"line":224,"column":38}},"224":{"start":{"line":225,"column":0},"end":{"line":225,"column":49}},"225":{"start":{"line":226,"column":0},"end":{"line":226,"column":85}},"226":{"start":{"line":227,"column":0},"end":{"line":227,"column":45}},"227":{"start":{"line":228,"column":0},"end":{"line":228,"column":18}},"228":{"start":{"line":229,"column":0},"end":{"line":229,"column":56}},"229":{"start":{"line":230,"column":0},"end":{"line":230,"column":21}},"230":{"start":{"line":231,"column":0},"end":{"line":231,"column":17}},"231":{"start":{"line":232,"column":0},"end":{"line":232,"column":19}},"232":{"start":{"line":233,"column":0},"end":{"line":233,"column":81}},"233":{"start":{"line":234,"column":0},"end":{"line":234,"column":27}},"234":{"start":{"line":235,"column":0},"end":{"line":235,"column":36}},"235":{"start":{"line":236,"column":0},"end":{"line":236,"column":43}},"236":{"start":{"line":237,"column":0},"end":{"line":237,"column":11}},"237":{"start":{"line":238,"column":0},"end":{"line":238,"column":16}},"238":{"start":{"line":239,"column":0},"end":{"line":239,"column":26}},"239":{"start":{"line":240,"column":0},"end":{"line":240,"column":87}},"240":{"start":{"line":241,"column":0},"end":{"line":241,"column":10}},"241":{"start":{"line":242,"column":0},"end":{"line":242,"column":8}},"242":{"start":{"line":243,"column":0},"end":{"line":243,"column":6}},"243":{"start":{"line":244,"column":0},"end":{"line":244,"column":27}},"244":{"start":{"line":245,"column":0},"end":{"line":245,"column":3}},"245":{"start":{"line":246,"column":0},"end":{"line":246,"column":1}}},"s":{"0":1,"40":1,"41":1,"42":1,"43":1,"44":34,"45":34,"46":34,"47":34,"49":1,"50":1,"51":1,"52":35,"53":35,"62":35,"63":35,"64":35,"65":35,"66":35,"67":35,"69":35,"70":0,"71":0,"73":35,"74":1,"75":1,"77":34,"78":34,"79":34,"80":34,"81":34,"82":34,"83":34,"84":34,"85":32,"86":32,"87":32,"88":32,"89":32,"90":32,"91":32,"92":32,"93":32,"94":32,"95":32,"96":32,"97":32,"98":32,"99":32,"100":32,"101":32,"102":32,"103":32,"104":32,"105":32,"106":32,"107":29,"108":29,"109":29,"110":29,"111":32,"112":34,"114":30,"115":30,"116":35,"118":1,"119":1,"120":1,"121":2,"122":2,"124":2,"125":2,"127":2,"128":0,"129":2,"130":1,"131":1,"132":1,"133":1,"134":1,"135":1,"136":0,"137":0,"138":0,"139":0,"140":1,"141":1,"142":1,"143":1,"144":1,"145":0,"146":0,"147":1,"148":1,"150":2,"151":2,"152":2,"153":2,"154":2,"155":2,"156":2,"158":2,"159":2,"160":2,"161":2,"162":2,"163":2,"164":2,"166":1,"167":1,"168":1,"169":5,"170":5,"171":3,"172":2,"173":3,"174":5,"176":1,"177":1,"178":1,"179":3,"180":3,"181":3,"182":3,"183":3,"184":3,"185":1,"186":1,"188":3,"190":3,"191":3,"192":3,"193":3,"194":3,"195":3,"196":3,"197":3,"198":3,"199":3,"200":3,"201":3,"202":3,"203":3,"204":3,"205":3,"206":3,"208":1,"209":3,"211":1,"212":1,"213":1,"214":1,"215":3,"216":3,"217":3,"218":3,"219":3,"220":3,"221":0,"222":0,"223":3,"224":3,"225":3,"226":3,"227":3,"228":3,"229":3,"230":3,"231":3,"232":3,"233":3,"234":3,"235":3,"236":3,"237":3,"238":3,"239":3,"240":3,"241":3,"242":3,"243":3,"244":3,"245":1},"branchMap":{"0":{"type":"branch","line":44,"loc":{"start":{"line":44,"column":2},"end":{"line":48,"column":6}},"locations":[{"start":{"line":44,"column":2},"end":{"line":48,"column":6}}]},"1":{"type":"branch","line":52,"loc":{"start":{"line":52,"column":2},"end":{"line":117,"column":3}},"locations":[{"start":{"line":52,"column":2},"end":{"line":117,"column":3}}]},"2":{"type":"branch","line":65,"loc":{"start":{"line":65,"column":29},"end":{"line":65,"column":46}},"locations":[{"start":{"line":65,"column":29},"end":{"line":65,"column":46}}]},"3":{"type":"branch","line":67,"loc":{"start":{"line":67,"column":48},"end":{"line":67,"column":74}},"locations":[{"start":{"line":67,"column":48},"end":{"line":67,"column":74}}]},"4":{"type":"branch","line":70,"loc":{"start":{"line":70,"column":37},"end":{"line":72,"column":5}},"locations":[{"start":{"line":70,"column":37},"end":{"line":72,"column":5}}]},"5":{"type":"branch","line":74,"loc":{"start":{"line":74,"column":90},"end":{"line":76,"column":5}},"locations":[{"start":{"line":74,"column":90},"end":{"line":76,"column":5}}]},"6":{"type":"branch","line":76,"loc":{"start":{"line":76,"column":4},"end":{"line":113,"column":6}},"locations":[{"start":{"line":76,"column":4},"end":{"line":113,"column":6}}]},"7":{"type":"branch","line":113,"loc":{"start":{"line":113,"column":4},"end":{"line":116,"column":27}},"locations":[{"start":{"line":113,"column":4},"end":{"line":116,"column":27}}]},"8":{"type":"branch","line":85,"loc":{"start":{"line":85,"column":6},"end":{"line":112,"column":8}},"locations":[{"start":{"line":85,"column":6},"end":{"line":112,"column":8}}]},"9":{"type":"branch","line":97,"loc":{"start":{"line":97,"column":31},"end":{"line":97,"column":76}},"locations":[{"start":{"line":97,"column":31},"end":{"line":97,"column":76}}]},"10":{"type":"branch","line":107,"loc":{"start":{"line":107,"column":8},"end":{"line":111,"column":10}},"locations":[{"start":{"line":107,"column":8},"end":{"line":111,"column":10}}]},"11":{"type":"branch","line":121,"loc":{"start":{"line":121,"column":2},"end":{"line":165,"column":3}},"locations":[{"start":{"line":121,"column":2},"end":{"line":165,"column":3}}]},"12":{"type":"branch","line":125,"loc":{"start":{"line":125,"column":21},"end":{"line":125,"column":40}},"locations":[{"start":{"line":125,"column":21},"end":{"line":125,"column":40}}]},"13":{"type":"branch","line":128,"loc":{"start":{"line":128,"column":51},"end":{"line":130,"column":15}},"locations":[{"start":{"line":128,"column":51},"end":{"line":130,"column":15}}]},"14":{"type":"branch","line":130,"loc":{"start":{"line":130,"column":61},"end":{"line":130,"column":87}},"locations":[{"start":{"line":130,"column":61},"end":{"line":130,"column":87}}]},"15":{"type":"branch","line":130,"loc":{"start":{"line":130,"column":87},"end":{"line":149,"column":5}},"locations":[{"start":{"line":130,"column":87},"end":{"line":149,"column":5}}]},"16":{"type":"branch","line":136,"loc":{"start":{"line":136,"column":10},"end":{"line":136,"column":30}},"locations":[{"start":{"line":136,"column":10},"end":{"line":136,"column":30}}]},"17":{"type":"branch","line":136,"loc":{"start":{"line":136,"column":30},"end":{"line":141,"column":13}},"locations":[{"start":{"line":136,"column":30},"end":{"line":141,"column":13}}]},"18":{"type":"branch","line":145,"loc":{"start":{"line":145,"column":10},"end":{"line":145,"column":32}},"locations":[{"start":{"line":145,"column":10},"end":{"line":145,"column":32}}]},"19":{"type":"branch","line":145,"loc":{"start":{"line":145,"column":18},"end":{"line":145,"column":75}},"locations":[{"start":{"line":145,"column":18},"end":{"line":145,"column":75}}]},"20":{"type":"branch","line":145,"loc":{"start":{"line":145,"column":75},"end":{"line":147,"column":7}},"locations":[{"start":{"line":145,"column":75},"end":{"line":147,"column":7}}]},"21":{"type":"branch","line":154,"loc":{"start":{"line":154,"column":14},"end":{"line":154,"column":29}},"locations":[{"start":{"line":154,"column":14},"end":{"line":154,"column":29}}]},"22":{"type":"branch","line":135,"loc":{"start":{"line":135,"column":59},"end":{"line":135,"column":70}},"locations":[{"start":{"line":135,"column":59},"end":{"line":135,"column":70}}]},"23":{"type":"branch","line":169,"loc":{"start":{"line":169,"column":2},"end":{"line":175,"column":3}},"locations":[{"start":{"line":169,"column":2},"end":{"line":175,"column":3}}]},"24":{"type":"branch","line":170,"loc":{"start":{"line":170,"column":69},"end":{"line":171,"column":52}},"locations":[{"start":{"line":170,"column":69},"end":{"line":171,"column":52}}]},"25":{"type":"branch","line":171,"loc":{"start":{"line":171,"column":52},"end":{"line":174,"column":41}},"locations":[{"start":{"line":171,"column":52},"end":{"line":174,"column":41}}]},"26":{"type":"branch","line":172,"loc":{"start":{"line":172,"column":87},"end":{"line":173,"column":5}},"locations":[{"start":{"line":172,"column":87},"end":{"line":173,"column":5}}]},"27":{"type":"branch","line":179,"loc":{"start":{"line":179,"column":2},"end":{"line":210,"column":3}},"locations":[{"start":{"line":179,"column":2},"end":{"line":210,"column":3}}]},"28":{"type":"branch","line":185,"loc":{"start":{"line":185,"column":99},"end":{"line":187,"column":5}},"locations":[{"start":{"line":185,"column":99},"end":{"line":187,"column":5}}]},"29":{"type":"branch","line":187,"loc":{"start":{"line":187,"column":4},"end":{"line":189,"column":43}},"locations":[{"start":{"line":187,"column":4},"end":{"line":189,"column":43}}]},"30":{"type":"branch","line":189,"loc":{"start":{"line":189,"column":29},"end":{"line":189,"column":46}},"locations":[{"start":{"line":189,"column":29},"end":{"line":189,"column":46}}]},"31":{"type":"branch","line":195,"loc":{"start":{"line":195,"column":25},"end":{"line":195,"column":73}},"locations":[{"start":{"line":195,"column":25},"end":{"line":195,"column":73}}]},"32":{"type":"branch","line":195,"loc":{"start":{"line":195,"column":69},"end":{"line":195,"column":83}},"locations":[{"start":{"line":195,"column":69},"end":{"line":195,"column":83}}]},"33":{"type":"branch","line":196,"loc":{"start":{"line":196,"column":23},"end":{"line":196,"column":67}},"locations":[{"start":{"line":196,"column":23},"end":{"line":196,"column":67}}]},"34":{"type":"branch","line":196,"loc":{"start":{"line":196,"column":63},"end":{"line":196,"column":77}},"locations":[{"start":{"line":196,"column":63},"end":{"line":196,"column":77}}]},"35":{"type":"branch","line":204,"loc":{"start":{"line":204,"column":23},"end":{"line":204,"column":34}},"locations":[{"start":{"line":204,"column":23},"end":{"line":204,"column":34}}]},"36":{"type":"branch","line":207,"loc":{"start":{"line":207,"column":4},"end":{"line":209,"column":41}},"locations":[{"start":{"line":207,"column":4},"end":{"line":209,"column":41}}]},"37":{"type":"branch","line":215,"loc":{"start":{"line":215,"column":2},"end":{"line":245,"column":3}},"locations":[{"start":{"line":215,"column":2},"end":{"line":245,"column":3}}]},"38":{"type":"branch","line":221,"loc":{"start":{"line":221,"column":99},"end":{"line":223,"column":5}},"locations":[{"start":{"line":221,"column":99},"end":{"line":223,"column":5}}]},"39":{"type":"branch","line":232,"loc":{"start":{"line":232,"column":6},"end":{"line":242,"column":8}},"locations":[{"start":{"line":232,"column":6},"end":{"line":242,"column":8}}]}},"b":{"0":[34],"1":[35],"2":[0],"3":[0],"4":[0],"5":[1],"6":[34],"7":[30],"8":[32],"9":[0],"10":[29],"11":[2],"12":[0],"13":[0],"14":[1],"15":[1],"16":[0],"17":[0],"18":[0],"19":[0],"20":[0],"21":[0],"22":[1],"23":[5],"24":[4],"25":[3],"26":[2],"27":[3],"28":[1],"29":[2],"30":[0],"31":[0],"32":[2],"33":[0],"34":[2],"35":[2],"36":[1],"37":[3],"38":[0],"39":[3]},"fnMap":{"0":{"name":"LeaveRequestsController","decl":{"start":{"line":44,"column":2},"end":{"line":48,"column":6}},"loc":{"start":{"line":44,"column":2},"end":{"line":48,"column":6}},"line":44},"1":{"name":"create","decl":{"start":{"line":52,"column":2},"end":{"line":117,"column":3}},"loc":{"start":{"line":52,"column":2},"end":{"line":117,"column":3}},"line":52},"2":{"name":"list","decl":{"start":{"line":121,"column":2},"end":{"line":165,"column":3}},"loc":{"start":{"line":121,"column":2},"end":{"line":165,"column":3}},"line":121},"3":{"name":"getOne","decl":{"start":{"line":169,"column":2},"end":{"line":175,"column":3}},"loc":{"start":{"line":169,"column":2},"end":{"line":175,"column":3}},"line":169},"4":{"name":"update","decl":{"start":{"line":179,"column":2},"end":{"line":210,"column":3}},"loc":{"start":{"line":179,"column":2},"end":{"line":210,"column":3}},"line":179},"5":{"name":"cancel","decl":{"start":{"line":215,"column":2},"end":{"line":245,"column":3}},"loc":{"start":{"line":215,"column":2},"end":{"line":245,"column":3}},"line":215}},"f":{"0":34,"1":35,"2":2,"3":5,"4":3,"5":3}}
,"/Users/omid.houshyar/dev/readyon/timeoff-service-project/src/api/leave-types.controller.ts": {"path":"/Users/omid.houshyar/dev/readyon/timeoff-service-project/src/api/leave-types.controller.ts","all":false,"statementMap":{"0":{"start":{"line":1,"column":0},"end":{"line":1,"column":83}},"8":{"start":{"line":9,"column":0},"end":{"line":9,"column":13}},"9":{"start":{"line":10,"column":0},"end":{"line":10,"column":24}},"10":{"start":{"line":11,"column":0},"end":{"line":11,"column":35}},"11":{"start":{"line":12,"column":0},"end":{"line":12,"column":79}},"13":{"start":{"line":14,"column":0},"end":{"line":14,"column":29}},"14":{"start":{"line":15,"column":0},"end":{"line":15,"column":48}},"15":{"start":{"line":16,"column":0},"end":{"line":16,"column":55}},"16":{"start":{"line":17,"column":0},"end":{"line":17,"column":60}},"17":{"start":{"line":18,"column":0},"end":{"line":18,"column":90}},"18":{"start":{"line":19,"column":0},"end":{"line":19,"column":39}},"19":{"start":{"line":20,"column":0},"end":{"line":20,"column":38}},"20":{"start":{"line":21,"column":0},"end":{"line":21,"column":17}},"21":{"start":{"line":22,"column":0},"end":{"line":22,"column":15}},"22":{"start":{"line":23,"column":0},"end":{"line":23,"column":17}},"23":{"start":{"line":24,"column":0},"end":{"line":24,"column":7}},"24":{"start":{"line":25,"column":0},"end":{"line":25,"column":3}},"25":{"start":{"line":26,"column":0},"end":{"line":26,"column":1}}},"s":{"0":1,"8":1,"9":1,"10":1,"11":1,"13":1,"14":1,"15":1,"16":2,"17":2,"18":2,"19":2,"20":2,"21":2,"22":2,"23":2,"24":2,"25":1},"branchMap":{"0":{"type":"branch","line":12,"loc":{"start":{"line":12,"column":2},"end":{"line":12,"column":79}},"locations":[{"start":{"line":12,"column":2},"end":{"line":12,"column":79}}]},"1":{"type":"branch","line":16,"loc":{"start":{"line":16,"column":2},"end":{"line":25,"column":3}},"locations":[{"start":{"line":16,"column":2},"end":{"line":25,"column":3}}]}},"b":{"0":[34],"1":[2]},"fnMap":{"0":{"name":"LeaveTypesController","decl":{"start":{"line":12,"column":2},"end":{"line":12,"column":79}},"loc":{"start":{"line":12,"column":2},"end":{"line":12,"column":79}},"line":12},"1":{"name":"list","decl":{"start":{"line":16,"column":2},"end":{"line":25,"column":3}},"loc":{"start":{"line":16,"column":2},"end":{"line":25,"column":3}},"line":16}},"f":{"0":34,"1":2}}
,"/Users/omid.houshyar/dev/readyon/timeoff-service-project/src/api/policies.controller.ts": {"path":"/Users/omid.houshyar/dev/readyon/timeoff-service-project/src/api/policies.controller.ts","all":false,"statementMap":{"0":{"start":{"line":1,"column":0},"end":{"line":1,"column":83}},"11":{"start":{"line":12,"column":0},"end":{"line":12,"column":13}},"12":{"start":{"line":13,"column":0},"end":{"line":13,"column":24}},"13":{"start":{"line":14,"column":0},"end":{"line":14,"column":33}},"14":{"start":{"line":15,"column":0},"end":{"line":15,"column":79}},"16":{"start":{"line":17,"column":0},"end":{"line":17,"column":26}},"17":{"start":{"line":18,"column":0},"end":{"line":18,"column":24}},"18":{"start":{"line":19,"column":0},"end":{"line":19,"column":51}},"19":{"start":{"line":20,"column":0},"end":{"line":20,"column":48}},"20":{"start":{"line":21,"column":0},"end":{"line":21,"column":55}},"21":{"start":{"line":22,"column":0},"end":{"line":22,"column":60}},"22":{"start":{"line":23,"column":0},"end":{"line":23,"column":88}},"23":{"start":{"line":24,"column":0},"end":{"line":24,"column":37}},"24":{"start":{"line":25,"column":0},"end":{"line":25,"column":35}},"25":{"start":{"line":26,"column":0},"end":{"line":26,"column":17}},"26":{"start":{"line":27,"column":0},"end":{"line":27,"column":15}},"27":{"start":{"line":28,"column":0},"end":{"line":28,"column":17}},"28":{"start":{"line":29,"column":0},"end":{"line":29,"column":7}},"29":{"start":{"line":30,"column":0},"end":{"line":30,"column":3}},"30":{"start":{"line":31,"column":0},"end":{"line":31,"column":1}}},"s":{"0":1,"11":1,"12":1,"13":1,"14":1,"16":1,"17":1,"18":1,"19":1,"20":1,"21":1,"22":1,"23":1,"24":1,"25":1,"26":1,"27":1,"28":1,"29":1,"30":1},"branchMap":{"0":{"type":"branch","line":15,"loc":{"start":{"line":15,"column":2},"end":{"line":15,"column":79}},"locations":[{"start":{"line":15,"column":2},"end":{"line":15,"column":79}}]},"1":{"type":"branch","line":21,"loc":{"start":{"line":21,"column":2},"end":{"line":30,"column":3}},"locations":[{"start":{"line":21,"column":2},"end":{"line":30,"column":3}}]}},"b":{"0":[34],"1":[1]},"fnMap":{"0":{"name":"PoliciesController","decl":{"start":{"line":15,"column":2},"end":{"line":15,"column":79}},"loc":{"start":{"line":15,"column":2},"end":{"line":15,"column":79}},"line":15},"1":{"name":"list","decl":{"start":{"line":21,"column":2},"end":{"line":30,"column":3}},"loc":{"start":{"line":21,"column":2},"end":{"line":30,"column":3}},"line":21}},"f":{"0":34,"1":1}}
,"/Users/omid.houshyar/dev/readyon/timeoff-service-project/src/api/reports.controller.ts": {"path":"/Users/omid.houshyar/dev/readyon/timeoff-service-project/src/api/reports.controller.ts","all":false,"statementMap":{"0":{"start":{"line":1,"column":0},"end":{"line":1,"column":88}},"31":{"start":{"line":32,"column":0},"end":{"line":32,"column":13}},"32":{"start":{"line":33,"column":0},"end":{"line":33,"column":24}},"33":{"start":{"line":34,"column":0},"end":{"line":34,"column":32}},"34":{"start":{"line":35,"column":0},"end":{"line":35,"column":14}},"35":{"start":{"line":36,"column":0},"end":{"line":36,"column":66}},"36":{"start":{"line":37,"column":0},"end":{"line":37,"column":87}},"37":{"start":{"line":38,"column":0},"end":{"line":38,"column":6}},"39":{"start":{"line":40,"column":0},"end":{"line":40,"column":33}},"40":{"start":{"line":41,"column":0},"end":{"line":41,"column":30}},"41":{"start":{"line":42,"column":0},"end":{"line":42,"column":32}},"42":{"start":{"line":43,"column":0},"end":{"line":43,"column":36}},"43":{"start":{"line":44,"column":0},"end":{"line":44,"column":52}},"44":{"start":{"line":45,"column":0},"end":{"line":45,"column":27}},"45":{"start":{"line":46,"column":0},"end":{"line":46,"column":71}},"46":{"start":{"line":47,"column":0},"end":{"line":47,"column":46}},"47":{"start":{"line":48,"column":0},"end":{"line":48,"column":31}},"48":{"start":{"line":49,"column":0},"end":{"line":49,"column":11}},"49":{"start":{"line":50,"column":0},"end":{"line":50,"column":60}},"50":{"start":{"line":51,"column":0},"end":{"line":51,"column":7}},"51":{"start":{"line":52,"column":0},"end":{"line":52,"column":23}},"52":{"start":{"line":53,"column":0},"end":{"line":53,"column":5}},"54":{"start":{"line":55,"column":0},"end":{"line":55,"column":83}},"55":{"start":{"line":56,"column":0},"end":{"line":56,"column":38}},"56":{"start":{"line":57,"column":0},"end":{"line":57,"column":5}},"58":{"start":{"line":59,"column":0},"end":{"line":59,"column":67}},"59":{"start":{"line":60,"column":0},"end":{"line":60,"column":48}},"60":{"start":{"line":61,"column":0},"end":{"line":61,"column":27}},"61":{"start":{"line":62,"column":0},"end":{"line":62,"column":7}},"62":{"start":{"line":63,"column":0},"end":{"line":63,"column":71}},"64":{"start":{"line":65,"column":0},"end":{"line":65,"column":29}},"65":{"start":{"line":66,"column":0},"end":{"line":66,"column":80}},"66":{"start":{"line":67,"column":0},"end":{"line":67,"column":33}},"67":{"start":{"line":68,"column":0},"end":{"line":68,"column":5}},"69":{"start":{"line":70,"column":0},"end":{"line":70,"column":19}},"70":{"start":{"line":71,"column":0},"end":{"line":71,"column":3}},"72":{"start":{"line":73,"column":0},"end":{"line":73,"column":37}},"73":{"start":{"line":74,"column":0},"end":{"line":74,"column":24}},"74":{"start":{"line":75,"column":0},"end":{"line":75,"column":66}},"75":{"start":{"line":76,"column":0},"end":{"line":76,"column":48}},"76":{"start":{"line":77,"column":0},"end":{"line":77,"column":95}},"77":{"start":{"line":78,"column":0},"end":{"line":78,"column":46}},"78":{"start":{"line":79,"column":0},"end":{"line":79,"column":66}},"80":{"start":{"line":81,"column":0},"end":{"line":81,"column":52}},"82":{"start":{"line":83,"column":0},"end":{"line":83,"column":65}},"83":{"start":{"line":84,"column":0},"end":{"line":84,"column":73}},"84":{"start":{"line":85,"column":0},"end":{"line":85,"column":12}},"85":{"start":{"line":86,"column":0},"end":{"line":86,"column":38}},"86":{"start":{"line":87,"column":0},"end":{"line":87,"column":5}},"88":{"start":{"line":89,"column":0},"end":{"line":89,"column":67}},"89":{"start":{"line":90,"column":0},"end":{"line":90,"column":66}},"90":{"start":{"line":91,"column":0},"end":{"line":91,"column":3}},"92":{"start":{"line":93,"column":0},"end":{"line":93,"column":39}},"93":{"start":{"line":94,"column":0},"end":{"line":94,"column":24}},"94":{"start":{"line":95,"column":0},"end":{"line":95,"column":66}},"95":{"start":{"line":96,"column":0},"end":{"line":96,"column":48}},"96":{"start":{"line":97,"column":0},"end":{"line":97,"column":97}},"97":{"start":{"line":98,"column":0},"end":{"line":98,"column":46}},"98":{"start":{"line":99,"column":0},"end":{"line":99,"column":66}},"99":{"start":{"line":100,"column":0},"end":{"line":100,"column":71}},"101":{"start":{"line":102,"column":0},"end":{"line":102,"column":69}},"102":{"start":{"line":103,"column":0},"end":{"line":103,"column":68}},"103":{"start":{"line":104,"column":0},"end":{"line":104,"column":3}},"105":{"start":{"line":106,"column":0},"end":{"line":106,"column":31}},"106":{"start":{"line":107,"column":0},"end":{"line":107,"column":24}},"107":{"start":{"line":108,"column":0},"end":{"line":108,"column":51}},"108":{"start":{"line":109,"column":0},"end":{"line":109,"column":48}},"109":{"start":{"line":110,"column":0},"end":{"line":110,"column":56}},"110":{"start":{"line":111,"column":0},"end":{"line":111,"column":46}},"111":{"start":{"line":112,"column":0},"end":{"line":112,"column":60}},"112":{"start":{"line":113,"column":0},"end":{"line":113,"column":84}},"113":{"start":{"line":114,"column":0},"end":{"line":114,"column":46}},"114":{"start":{"line":115,"column":0},"end":{"line":115,"column":40}},"115":{"start":{"line":116,"column":0},"end":{"line":116,"column":17}},"116":{"start":{"line":117,"column":0},"end":{"line":117,"column":15}},"117":{"start":{"line":118,"column":0},"end":{"line":118,"column":36}},"118":{"start":{"line":119,"column":0},"end":{"line":119,"column":7}},"119":{"start":{"line":120,"column":0},"end":{"line":120,"column":3}},"120":{"start":{"line":121,"column":0},"end":{"line":121,"column":1}}},"s":{"0":1,"31":1,"32":1,"33":1,"34":1,"35":34,"36":34,"37":34,"39":1,"40":2,"41":2,"42":2,"43":2,"44":0,"45":0,"46":0,"47":0,"48":0,"49":0,"50":0,"51":0,"52":0,"54":2,"55":0,"56":0,"58":2,"59":2,"60":2,"61":2,"62":2,"64":2,"65":0,"66":0,"67":0,"69":2,"70":2,"72":1,"73":1,"74":1,"75":1,"76":1,"77":1,"78":1,"80":1,"82":1,"83":1,"84":1,"85":0,"86":0,"88":1,"89":1,"90":1,"92":1,"93":1,"94":1,"95":1,"96":1,"97":1,"98":1,"99":1,"101":1,"102":1,"103":1,"105":1,"106":1,"107":1,"108":1,"109":1,"110":1,"111":1,"112":1,"113":1,"114":1,"115":1,"116":1,"117":1,"118":1,"119":1,"120":1},"branchMap":{"0":{"type":"branch","line":35,"loc":{"start":{"line":35,"column":2},"end":{"line":38,"column":6}},"locations":[{"start":{"line":35,"column":2},"end":{"line":38,"column":6}}]},"1":{"type":"branch","line":40,"loc":{"start":{"line":40,"column":2},"end":{"line":71,"column":3}},"locations":[{"start":{"line":40,"column":2},"end":{"line":71,"column":3}}]},"2":{"type":"branch","line":44,"loc":{"start":{"line":44,"column":51},"end":{"line":53,"column":5}},"locations":[{"start":{"line":44,"column":51},"end":{"line":53,"column":5}}]},"3":{"type":"branch","line":55,"loc":{"start":{"line":55,"column":82},"end":{"line":57,"column":5}},"locations":[{"start":{"line":55,"column":82},"end":{"line":57,"column":5}}]},"4":{"type":"branch","line":65,"loc":{"start":{"line":65,"column":8},"end":{"line":65,"column":28}},"locations":[{"start":{"line":65,"column":8},"end":{"line":65,"column":28}}]},"5":{"type":"branch","line":65,"loc":{"start":{"line":65,"column":28},"end":{"line":68,"column":5}},"locations":[{"start":{"line":65,"column":28},"end":{"line":68,"column":5}}]},"6":{"type":"branch","line":63,"loc":{"start":{"line":63,"column":57},"end":{"line":63,"column":68}},"locations":[{"start":{"line":63,"column":57},"end":{"line":63,"column":68}}]},"7":{"type":"branch","line":77,"loc":{"start":{"line":77,"column":2},"end":{"line":91,"column":3}},"locations":[{"start":{"line":77,"column":2},"end":{"line":91,"column":3}}]},"8":{"type":"branch","line":81,"loc":{"start":{"line":81,"column":51},"end":{"line":83,"column":15}},"locations":[{"start":{"line":81,"column":51},"end":{"line":83,"column":15}}]},"9":{"type":"branch","line":85,"loc":{"start":{"line":85,"column":4},"end":{"line":87,"column":5}},"locations":[{"start":{"line":85,"column":4},"end":{"line":87,"column":5}}]},"10":{"type":"branch","line":97,"loc":{"start":{"line":97,"column":2},"end":{"line":104,"column":3}},"locations":[{"start":{"line":97,"column":2},"end":{"line":104,"column":3}}]},"11":{"type":"branch","line":110,"loc":{"start":{"line":110,"column":2},"end":{"line":120,"column":3}},"locations":[{"start":{"line":110,"column":2},"end":{"line":120,"column":3}}]}},"b":{"0":[34],"1":[2],"2":[0],"3":[0],"4":[0],"5":[0],"6":[2],"7":[1],"8":[0],"9":[0],"10":[1],"11":[1]},"fnMap":{"0":{"name":"ReportsController","decl":{"start":{"line":35,"column":2},"end":{"line":38,"column":6}},"loc":{"start":{"line":35,"column":2},"end":{"line":38,"column":6}},"line":35},"1":{"name":"resolveTeamScope","decl":{"start":{"line":40,"column":2},"end":{"line":71,"column":3}},"loc":{"start":{"line":40,"column":2},"end":{"line":71,"column":3}},"line":40},"2":{"name":"leaveUsage","decl":{"start":{"line":77,"column":2},"end":{"line":91,"column":3}},"loc":{"start":{"line":77,"column":2},"end":{"line":91,"column":3}},"line":77},"3":{"name":"teamCalendar","decl":{"start":{"line":97,"column":2},"end":{"line":104,"column":3}},"loc":{"start":{"line":97,"column":2},"end":{"line":104,"column":3}},"line":97},"4":{"name":"audit","decl":{"start":{"line":110,"column":2},"end":{"line":120,"column":3}},"loc":{"start":{"line":110,"column":2},"end":{"line":120,"column":3}},"line":110}},"f":{"0":34,"1":2,"2":1,"3":1,"4":1}}
,"/Users/omid.houshyar/dev/readyon/timeoff-service-project/src/api/sync-runs.controller.ts": {"path":"/Users/omid.houshyar/dev/readyon/timeoff-service-project/src/api/sync-runs.controller.ts","all":false,"statementMap":{"0":{"start":{"line":1,"column":0},"end":{"line":1,"column":90}},"12":{"start":{"line":13,"column":0},"end":{"line":13,"column":13}},"13":{"start":{"line":14,"column":0},"end":{"line":14,"column":24}},"14":{"start":{"line":15,"column":0},"end":{"line":15,"column":33}},"15":{"start":{"line":16,"column":0},"end":{"line":16,"column":79}},"17":{"start":{"line":18,"column":0},"end":{"line":18,"column":27}},"18":{"start":{"line":19,"column":0},"end":{"line":19,"column":24}},"19":{"start":{"line":20,"column":0},"end":{"line":20,"column":77}},"20":{"start":{"line":21,"column":0},"end":{"line":21,"column":48}},"21":{"start":{"line":22,"column":0},"end":{"line":22,"column":55}},"22":{"start":{"line":23,"column":0},"end":{"line":23,"column":60}},"23":{"start":{"line":24,"column":0},"end":{"line":24,"column":88}},"24":{"start":{"line":25,"column":0},"end":{"line":25,"column":37}},"25":{"start":{"line":26,"column":0},"end":{"line":26,"column":36}},"26":{"start":{"line":27,"column":0},"end":{"line":27,"column":17}},"27":{"start":{"line":28,"column":0},"end":{"line":28,"column":15}},"28":{"start":{"line":29,"column":0},"end":{"line":29,"column":17}},"29":{"start":{"line":30,"column":0},"end":{"line":30,"column":7}},"30":{"start":{"line":31,"column":0},"end":{"line":31,"column":3}},"32":{"start":{"line":33,"column":0},"end":{"line":33,"column":31}},"33":{"start":{"line":34,"column":0},"end":{"line":34,"column":24}},"34":{"start":{"line":35,"column":0},"end":{"line":35,"column":77}},"35":{"start":{"line":36,"column":0},"end":{"line":36,"column":48}},"36":{"start":{"line":37,"column":0},"end":{"line":37,"column":49}},"37":{"start":{"line":38,"column":0},"end":{"line":38,"column":63}},"38":{"start":{"line":39,"column":0},"end":{"line":39,"column":33}},"39":{"start":{"line":40,"column":0},"end":{"line":40,"column":3}},"40":{"start":{"line":41,"column":0},"end":{"line":41,"column":1}}},"s":{"0":1,"12":1,"13":1,"14":1,"15":1,"17":1,"18":1,"19":1,"20":1,"21":1,"22":1,"23":1,"24":1,"25":1,"26":1,"27":1,"28":1,"29":1,"30":1,"32":1,"33":1,"34":1,"35":1,"36":1,"37":2,"38":1,"39":2,"40":1},"branchMap":{"0":{"type":"branch","line":16,"loc":{"start":{"line":16,"column":2},"end":{"line":16,"column":79}},"locations":[{"start":{"line":16,"column":2},"end":{"line":16,"column":79}}]},"1":{"type":"branch","line":22,"loc":{"start":{"line":22,"column":2},"end":{"line":31,"column":3}},"locations":[{"start":{"line":22,"column":2},"end":{"line":31,"column":3}}]},"2":{"type":"branch","line":37,"loc":{"start":{"line":37,"column":2},"end":{"line":40,"column":3}},"locations":[{"start":{"line":37,"column":2},"end":{"line":40,"column":3}}]},"3":{"type":"branch","line":38,"loc":{"start":{"line":38,"column":61},"end":{"line":39,"column":33}},"locations":[{"start":{"line":38,"column":61},"end":{"line":39,"column":33}}]}},"b":{"0":[34],"1":[1],"2":[2],"3":[1]},"fnMap":{"0":{"name":"SyncRunsController","decl":{"start":{"line":16,"column":2},"end":{"line":16,"column":79}},"loc":{"start":{"line":16,"column":2},"end":{"line":16,"column":79}},"line":16},"1":{"name":"list","decl":{"start":{"line":22,"column":2},"end":{"line":31,"column":3}},"loc":{"start":{"line":22,"column":2},"end":{"line":31,"column":3}},"line":22},"2":{"name":"getOne","decl":{"start":{"line":37,"column":2},"end":{"line":40,"column":3}},"loc":{"start":{"line":37,"column":2},"end":{"line":40,"column":3}},"line":37}},"f":{"0":34,"1":1,"2":2}}
,"/Users/omid.houshyar/dev/readyon/timeoff-service-project/src/api/sync.controller.ts": {"path":"/Users/omid.houshyar/dev/readyon/timeoff-service-project/src/api/sync.controller.ts","all":false,"statementMap":{"0":{"start":{"line":1,"column":0},"end":{"line":1,"column":8}},"25":{"start":{"line":26,"column":0},"end":{"line":26,"column":13}},"26":{"start":{"line":27,"column":0},"end":{"line":27,"column":24}},"27":{"start":{"line":28,"column":0},"end":{"line":28,"column":29}},"28":{"start":{"line":29,"column":0},"end":{"line":29,"column":14}},"29":{"start":{"line":30,"column":0},"end":{"line":30,"column":66}},"30":{"start":{"line":31,"column":0},"end":{"line":31,"column":72}},"31":{"start":{"line":32,"column":0},"end":{"line":32,"column":6}},"33":{"start":{"line":34,"column":0},"end":{"line":34,"column":32}},"34":{"start":{"line":35,"column":0},"end":{"line":35,"column":24}},"35":{"start":{"line":36,"column":0},"end":{"line":36,"column":61}},"36":{"start":{"line":37,"column":0},"end":{"line":37,"column":48}},"37":{"start":{"line":38,"column":0},"end":{"line":38,"column":20}},"38":{"start":{"line":39,"column":0},"end":{"line":39,"column":37}},"39":{"start":{"line":40,"column":0},"end":{"line":40,"column":26}},"40":{"start":{"line":41,"column":0},"end":{"line":41,"column":46}},"41":{"start":{"line":42,"column":0},"end":{"line":42,"column":5}},"42":{"start":{"line":43,"column":0},"end":{"line":43,"column":49}},"43":{"start":{"line":44,"column":0},"end":{"line":44,"column":85}},"44":{"start":{"line":45,"column":0},"end":{"line":45,"column":45}},"45":{"start":{"line":46,"column":0},"end":{"line":46,"column":18}},"46":{"start":{"line":47,"column":0},"end":{"line":47,"column":35}},"47":{"start":{"line":48,"column":0},"end":{"line":48,"column":21}},"48":{"start":{"line":49,"column":0},"end":{"line":49,"column":17}},"49":{"start":{"line":50,"column":0},"end":{"line":50,"column":19}},"50":{"start":{"line":51,"column":0},"end":{"line":51,"column":63}},"51":{"start":{"line":52,"column":0},"end":{"line":52,"column":32}},"52":{"start":{"line":53,"column":0},"end":{"line":53,"column":43}},"53":{"start":{"line":54,"column":0},"end":{"line":54,"column":32}},"54":{"start":{"line":55,"column":0},"end":{"line":55,"column":41}},"55":{"start":{"line":56,"column":0},"end":{"line":56,"column":11}},"56":{"start":{"line":57,"column":0},"end":{"line":57,"column":30}},"57":{"start":{"line":58,"column":0},"end":{"line":58,"column":47}},"58":{"start":{"line":59,"column":0},"end":{"line":59,"column":17}},"59":{"start":{"line":60,"column":0},"end":{"line":60,"column":30}},"60":{"start":{"line":61,"column":0},"end":{"line":61,"column":33}},"61":{"start":{"line":62,"column":0},"end":{"line":62,"column":31}},"62":{"start":{"line":63,"column":0},"end":{"line":63,"column":12}},"63":{"start":{"line":64,"column":0},"end":{"line":64,"column":53}},"64":{"start":{"line":65,"column":0},"end":{"line":65,"column":10}},"65":{"start":{"line":66,"column":0},"end":{"line":66,"column":82}},"66":{"start":{"line":67,"column":0},"end":{"line":67,"column":8}},"67":{"start":{"line":68,"column":0},"end":{"line":68,"column":6}},"68":{"start":{"line":69,"column":0},"end":{"line":69,"column":38}},"69":{"start":{"line":70,"column":0},"end":{"line":70,"column":27}},"70":{"start":{"line":71,"column":0},"end":{"line":71,"column":3}},"72":{"start":{"line":73,"column":0},"end":{"line":73,"column":29}},"73":{"start":{"line":74,"column":0},"end":{"line":74,"column":24}},"74":{"start":{"line":75,"column":0},"end":{"line":75,"column":77}},"75":{"start":{"line":76,"column":0},"end":{"line":76,"column":48}},"76":{"start":{"line":77,"column":0},"end":{"line":77,"column":22}},"77":{"start":{"line":78,"column":0},"end":{"line":78,"column":52}},"78":{"start":{"line":79,"column":0},"end":{"line":79,"column":39}},"79":{"start":{"line":80,"column":0},"end":{"line":80,"column":3}},"80":{"start":{"line":81,"column":0},"end":{"line":81,"column":1}}},"s":{"0":1,"25":1,"26":1,"27":1,"28":1,"29":34,"30":34,"31":34,"33":1,"34":1,"35":1,"36":1,"37":1,"38":31,"39":31,"40":31,"41":31,"42":31,"43":31,"44":31,"45":31,"46":31,"47":31,"48":31,"49":31,"50":31,"51":31,"52":31,"53":31,"54":31,"55":31,"56":31,"57":31,"58":31,"59":31,"60":31,"61":31,"62":31,"63":31,"64":31,"65":31,"66":31,"67":31,"68":31,"69":31,"70":31,"72":1,"73":1,"74":1,"75":1,"76":1,"77":1,"78":1,"79":1,"80":1},"branchMap":{"0":{"type":"branch","line":29,"loc":{"start":{"line":29,"column":2},"end":{"line":32,"column":6}},"locations":[{"start":{"line":29,"column":2},"end":{"line":32,"column":6}}]},"1":{"type":"branch","line":38,"loc":{"start":{"line":38,"
[...]
44":{"start":{"line":145,"column":0},"end":{"line":145,"column":78}},"145":{"start":{"line":146,"column":0},"end":{"line":146,"column":37}},"146":{"start":{"line":147,"column":0},"end":{"line":147,"column":41}},"147":{"start":{"line":148,"column":0},"end":{"line":148,"column":49}},"148":{"start":{"line":149,"column":0},"end":{"line":149,"column":47}},"149":{"start":{"line":150,"column":0},"end":{"line":150,"column":39}},"150":{"start":{"line":151,"column":0},"end":{"line":151,"column":14}},"151":{"start":{"line":152,"column":0},"end":{"line":152,"column":21}},"152":{"start":{"line":153,"column":0},"end":{"line":153,"column":29}},"153":{"start":{"line":154,"column":0},"end":{"line":154,"column":57}},"154":{"start":{"line":155,"column":0},"end":{"line":155,"column":39}},"155":{"start":{"line":156,"column":0},"end":{"line":156,"column":14}},"156":{"start":{"line":157,"column":0},"end":{"line":157,"column":13}},"158":{"start":{"line":159,"column":0},"end":{"line":159,"column":86}},"159":{"start":{"line":160,"column":0},"end":{"line":160,"column":41}},"160":{"start":{"line":161,"column":0},"end":{"line":161,"column":49}},"161":{"start":{"line":162,"column":0},"end":{"line":162,"column":21}},"162":{"start":{"line":163,"column":0},"end":{"line":163,"column":36}},"163":{"start":{"line":164,"column":0},"end":{"line":164,"column":40}},"164":{"start":{"line":165,"column":0},"end":{"line":165,"column":49}},"165":{"start":{"line":166,"column":0},"end":{"line":166,"column":45}},"166":{"start":{"line":167,"column":0},"end":{"line":167,"column":16}},"167":{"start":{"line":168,"column":0},"end":{"line":168,"column":15}},"168":{"start":{"line":169,"column":0},"end":{"line":169,"column":11}},"169":{"start":{"line":170,"column":0},"end":{"line":170,"column":9}},"170":{"start":{"line":171,"column":0},"end":{"line":171,"column":7}},"172":{"start":{"line":173,"column":0},"end":{"line":173,"column":89}},"173":{"start":{"line":174,"column":0},"end":{"line":174,"column":38}},"174":{"start":{"line":175,"column":0},"end":{"line":175,"column":61}},"175":{"start":{"line":176,"column":0},"end":{"line":176,"column":66}},"176":{"start":{"line":177,"column":0},"end":{"line":177,"column":11}},"177":{"start":{"line":178,"column":0},"end":{"line":178,"column":33}},"179":{"start":{"line":180,"column":0},"end":{"line":180,"column":52}},"180":{"start":{"line":181,"column":0},"end":{"line":181,"column":42}},"181":{"start":{"line":182,"column":0},"end":{"line":182,"column":18}},"182":{"start":{"line":183,"column":0},"end":{"line":183,"column":52}},"183":{"start":{"line":184,"column":0},"end":{"line":184,"column":33}},"184":{"start":{"line":185,"column":0},"end":{"line":185,"column":40}},"185":{"start":{"line":186,"column":0},"end":{"line":186,"column":35}},"186":{"start":{"line":187,"column":0},"end":{"line":187,"column":14}},"187":{"start":{"line":188,"column":0},"end":{"line":188,"column":12}},"188":{"start":{"line":189,"column":0},"end":{"line":189,"column":19}},"189":{"start":{"line":190,"column":0},"end":{"line":190,"column":31}},"190":{"start":{"line":191,"column":0},"end":{"line":191,"column":38}},"191":{"start":{"line":192,"column":0},"end":{"line":192,"column":52}},"192":{"start":{"line":193,"column":0},"end":{"line":193,"column":33}},"193":{"start":{"line":194,"column":0},"end":{"line":194,"column":47}},"194":{"start":{"line":195,"column":0},"end":{"line":195,"column":27}},"195":{"start":{"line":196,"column":0},"end":{"line":196,"column":37}},"196":{"start":{"line":197,"column":0},"end":{"line":197,"column":79}},"197":{"start":{"line":198,"column":0},"end":{"line":198,"column":12}},"198":{"start":{"line":199,"column":0},"end":{"line":199,"column":19}},"199":{"start":{"line":200,"column":0},"end":{"line":200,"column":47}},"200":{"start":{"line":201,"column":0},"end":{"line":201,"column":37}},"201":{"start":{"line":202,"column":0},"end":{"line":202,"column":79}},"202":{"start":{"line":203,"column":0},"end":{"line":203,"column":12}},"203":{"start":{"line":204,"column":0},"end":{"line":204,"column":11}},"204":{"start":{"line":205,"column":0},"end":{"line":205,"column":23}},"206":{"start":{"line":207,"column":0},"end":{"line":207,"column":60}},"207":{"start":{"line":208,"column":0},"end":{"line":208,"column":32}},"208":{"start":{"line":209,"column":0},"end":{"line":209,"column":29}},"209":{"start":{"line":210,"column":0},"end":{"line":210,"column":36}},"210":{"start":{"line":211,"column":0},"end":{"line":211,"column":37}},"211":{"start":{"line":212,"column":0},"end":{"line":212,"column":31}},"212":{"start":{"line":213,"column":0},"end":{"line":213,"column":61}},"213":{"start":{"line":214,"column":0},"end":{"line":214,"column":11}},"214":{"start":{"line":215,"column":0},"end":{"line":215,"column":40}},"215":{"start":{"line":216,"column":0},"end":{"line":216,"column":7}},"216":{"start":{"line":217,"column":0},"end":{"line":217,"column":5}},"219":{"start":{"line":220,"column":0},"end":{"line":220,"column":48}},"220":{"start":{"line":221,"column":0},"end":{"line":221,"column":14}},"221":{"start":{"line":222,"column":0},"end":{"line":222,"column":62}},"222":{"start":{"line":223,"column":0},"end":{"line":223,"column":35}},"223":{"start":{"line":224,"column":0},"end":{"line":224,"column":8}},"224":{"start":{"line":225,"column":0},"end":{"line":225,"column":45}},"225":{"start":{"line":226,"column":0},"end":{"line":226,"column":7}},"227":{"start":{"line":228,"column":0},"end":{"line":228,"column":60}},"228":{"start":{"line":229,"column":0},"end":{"line":229,"column":16}},"229":{"start":{"line":230,"column":0},"end":{"line":230,"column":44}},"230":{"start":{"line":231,"column":0},"end":{"line":231,"column":32}},"231":{"start":{"line":232,"column":0},"end":{"line":232,"column":15}},"232":{"start":{"line":233,"column":0},"end":{"line":233,"column":32}},"233":{"start":{"line":234,"column":0},"end":{"line":234,"column":42}},"234":{"start":{"line":235,"column":0},"end":{"line":235,"column":33}},"235":{"start":{"line":236,"column":0},"end":{"line":236,"column":10}},"236":{"start":{"line":237,"column":0},"end":{"line":237,"column":9}},"237":{"start":{"line":238,"column":0},"end":{"line":238,"column":5}},"239":{"start":{"line":240,"column":0},"end":{"line":240,"column":33}},"240":{"start":{"line":241,"column":0},"end":{"line":241,"column":32}},"241":{"start":{"line":242,"column":0},"end":{"line":242,"column":13}},"242":{"start":{"line":243,"column":0},"end":{"line":243,"column":15}},"243":{"start":{"line":244,"column":0},"end":{"line":244,"column":32}},"244":{"start":{"line":245,"column":0},"end":{"line":245,"column":22}},"245":{"start":{"line":246,"column":0},"end":{"line":246,"column":21}},"246":{"start":{"line":247,"column":0},"end":{"line":247,"column":24}},"247":{"start":{"line":248,"column":0},"end":{"line":248,"column":8}},"248":{"start":{"line":249,"column":0},"end":{"line":249,"column":7}},"250":{"start":{"line":251,"column":0},"end":{"line":251,"column":30}},"251":{"start":{"line":252,"column":0},"end":{"line":252,"column":31}},"252":{"start":{"line":253,"column":0},"end":{"line":253,"column":31}},"253":{"start":{"line":254,"column":0},"end":{"line":254,"column":35}},"254":{"start":{"line":255,"column":0},"end":{"line":255,"column":32}},"255":{"start":{"line":256,"column":0},"end":{"line":256,"column":29}},"256":{"start":{"line":257,"column":0},"end":{"line":257,"column":43}},"257":{"start":{"line":258,"column":0},"end":{"line":258,"column":70}},"258":{"start":{"line":259,"column":0},"end":{"line":259,"column":7}},"259":{"start":{"line":260,"column":0},"end":{"line":260,"column":17}},"260":{"start":{"line":261,"column":0},"end":{"line":261,"column":22}},"261":{"start":{"line":262,"column":0},"end":{"line":262,"column":33}},"262":{"start":{"line":263,"column":0},"end":{"line":263,"column":32}},"263":{"start":{"line":264,"column":0},"end":{"line":264,"column":13}},"264":{"start":{"line":265,"column":0},"end":{"line":265,"column":25}},"265":{"start":{"line":266,"column":0},"end":{"line":266,"column":32}},"266":{"start":{"line":267,"column":0},"end":{"line":267,"column":84}},"267":{"start":{"line":268,"column":0},"end":{"line":268,"column":8}},"268":{"start":{"line":269,"column":0},"end":{"line":269,"column":7}},"269":{"start":{"line":270,"column":0},"end":{"line":270,"column":60}},"270":{"start":{"line":271,"column":0},"end":{"line":271,"column":16}},"271":{"start":{"line":272,"column":0},"end":{"line":272,"column":44}},"272":{"start":{"line":273,"column":0},"end":{"line":273,"column":32}},"273":{"start":{"line":274,"column":0},"end":{"line":274,"column":66}},"274":{"start":{"line":275,"column":0},"end":{"line":275,"column":9}},"275":{"start":{"line":276,"column":0},"end":{"line":276,"column":5}},"276":{"start":{"line":277,"column":0},"end":{"line":277,"column":14}},"277":{"start":{"line":278,"column":0},"end":{"line":278,"column":3}},"279":{"start":{"line":280,"column":0},"end":{"line":280,"column":89}},"280":{"start":{"line":281,"column":0},"end":{"line":281,"column":1}},"282":{"start":{"line":283,"column":0},"end":{"line":283,"column":59}},"283":{"start":{"line":284,"column":0},"end":{"line":284,"column":58}},"284":{"start":{"line":285,"column":0},"end":{"line":285,"column":85}},"285":{"start":{"line":286,"column":0},"end":{"line":286,"column":53}},"286":{"start":{"line":287,"column":0},"end":{"line":287,"column":75}},"287":{"start":{"line":288,"column":0},"end":{"line":288,"column":16}},"289":{"start":{"line":290,"column":0},"end":{"line":290,"column":10}},"290":{"start":{"line":291,"column":0},"end":{"line":291,"column":48}},"291":{"start":{"line":292,"column":0},"end":{"line":292,"column":63}},"292":{"start":{"line":293,"column":0},"end":{"line":293,"column":67}},"293":{"start":{"line":294,"column":0},"end":{"line":294,"column":59}},"294":{"start":{"line":295,"column":0},"end":{"line":295,"column":55}},"295":{"start":{"line":296,"column":0},"end":{"line":296,"column":53}},"296":{"start":{"line":297,"column":0},"end":{"line":297,"column":21}},"297":{"start":{"line":298,"column":0},"end":{"line":298,"column":4}},"298":{"start":{"line":299,"column":0},"end":{"line":299,"column":1}}},"s":{"0":1,"17":33,"18":33,"19":33,"20":33,"21":33,"22":33,"23":33,"24":1,"25":1,"27":33,"28":4,"29":4,"30":4,"31":4,"32":33,"33":28,"34":28,"35":28,"36":28,"37":28,"38":28,"39":28,"40":28,"41":28,"43":32,"44":32,"45":33,"46":33,"47":33,"48":33,"49":33,"50":33,"52":32,"53":32,"54":32,"55":32,"56":32,"58":32,"59":32,"60":32,"61":32,"63":32,"64":32,"65":32,"66":95,"67":95,"68":95,"69":95,"70":95,"71":95,"72":95,"73":95,"74":95,"75":95,"76":95,"77":95,"78":95,"79":95,"80":95,"81":95,"82":95,"83":95,"84":95,"85":95,"86":95,"87":95,"88":95,"89":32,"90":32,"91":32,"94":32,"95":33,"96":95,"97":32,"98":32,"99":32,"100":32,"101":28,"102":28,"103":28,"104":28,"105":28,"106":32,"107":95,"109":32,"110":33,"111":95,"112":95,"113":188,"114":188,"115":188,"116":188,"117":188,"118":188,"119":188,"120":188,"121":188,"122":188,"123":188,"124":188,"125":188,"126":188,"127":188,"128":188,"129":188,"130":188,"131":188,"132":188,"133":188,"135":188,"136":188,"137":188,"138":188,"139":188,"140":188,"141":188,"142":188,"143":188,"144":188,"145":188,"146":188,"147":188,"148":188,"149":188,"150":188,"151":188,"152":188,"153":188,"154":188,"155":188,"156":188,"158":188,"159":188,"160":374,"161":374,"162":374,"163":374,"164":374,"165":374,"166":374,"167":374,"168":374,"169":188,"170":188,"172":95,"173":95,"174":126,"175":126,"176":126,"177":126,"179":126,"180":126,"181":126,"182":126,"183":126,"184":126,"185":126,"186":126,"187":126,"188":126,"189":126,"190":126,"191":126,"192":126,"193":126,"194":126,"195":126,"196":126,"197":126,"198":126,"199":126,"200":126,"201":126,"202":126,"203":126,"204":126,"206":126,"207":126,"208":126,"209":126,"210":126,"211":126,"212":126,"213":126,"214":126,"215":126,"216":95,"219":32,"220":32,"221":32,"222":32,"223":32,"224":32,"225":32,"227":32,"228":32,"229":32,"230":32,"231":32,"232":32,"233":32,"234":32,"235":32,"236":32,"237":32,"239":32,"240":32,"241":32,"242":32,"243":32,"244":32,"245":32,"246":32,"247":32,"248":32,"250":32,"251":32,"252":32,"253":32,"254":32,"255":32,"256":32,"257":32,"258":32,"259":33,"260":0,"261":0,"262":0,"263":0,"264":0,"265":0,"266":0,"267":0,"268":0,"269":0,"270":0,"271":0,"272":0,"273":0,"274":0,"275":0,"276":0,"277":0,"279":32,"280":32,"282":1,"283":1,"284":1,"285":1,"286":1,"287":0,"289":1,"290":1,"291":1,"292":1,"293":1,"294":1,"295":1,"296":1,"297":1,"298":1},"branchMap":{"0":{"type":"branch","line":18,"loc":{"start":{"line":18,"column":0},"end":{"line":281,"column":1}},"locations":[{"start":{"line":18,"column":0},"end":{"line":281,"column":1}}]},"1":{"type":"branch","line":24,"loc":{"start":{"line":24,"column":6},"end":{"line":24,"column":33}},"locations":[{"start":{"line":24,"column":6},"end":{"line":24,"column":33}}]},"2":{"type":"branch","line":24,"loc":{"start":{"line":24,"column":33},"end":{"line":28,"column":17}},"locations":[{"start":{"line":24,"column":33},"end":{"line":28,"column":17}}]},"3":{"type":"branch","line":24,"loc":{"start":{"line":24,"column":33},"end":{"line":26,"column":3}},"locations":[{"start":{"line":24,"column":33},"end":{"line":26,"column":3}}]},"4":{"type":"branch","line":28,"loc":{"start":{"line":28,"column":17},"end":{"line":33,"column":9}},"locations":[{"start":{"line":28,"column":17},"end":{"line":33,"column":9}}]},"5":{"type":"branch","line":33,"loc":{"start":{"line":33,"column":2},"end":{"line":46,"column":36}},"locations":[{"start":{"line":33,"column":2},"end":{"line":46,"column":36}}]},"6":{"type":"branch","line":33,"loc":{"start":{"line":33,"column":2},"end":{"line":42,"column":3}},"locations":[{"start":{"line":33,"column":2},"end":{"line":42,"column":3}}]},"7":{"type":"branch","line":46,"loc":{"start":{"line":46,"column":24},"end":{"line":46,"column":46}},"locations":[{"start":{"line":46,"column":24},"end":{"line":46,"column":46}}]},"8":{"type":"branch","line":51,"loc":{"start":{"line":51,"column":3},"end":{"line":96,"column":33}},"locations":[{"start":{"line":51,"column":3},"end":{"line":96,"column":33}}]},"9":{"type":"branch","line":66,"loc":{"start":{"line":66,"column":36},"end":{"line":89,"column":7}},"locations":[{"start":{"line":66,"column":36},"end":{"line":89,"column":7}}]},"10":{"type":"branch","line":96,"loc":{"start":{"line":96,"column":33},"end":{"line":108,"column":5}},"locations":[{"start":{"line":96,"column":33},"end":{"line":108,"column":5}}]},"11":{"type":"branch","line":97,"loc":{"start":{"line":97,"column":41},"end":{"line":107,"column":7}},"locations":[{"start":{"line":97,"column":41},"end":{"line":107,"column":7}}]},"12":{"type":"branch","line":101,"loc":{"start":{"line":101,"column":53},"end":{"line":106,"column":9}},"locations":[{"start":{"line":101,"column":53},"end":{"line":106,"column":9}}]},"13":{"type":"branch","line":108,"loc":{"start":{"line":108,"column":4},"end":{"line":111,"column":66}},"locations":[{"start":{"line":108,"column":4},"end":{"line":111,"column":66}}]},"14":{"type":"branch","line":111,"loc":{"start":{"line":111,"column":66},"end":{"line":217,"column":5}},"locations":[{"start":{"line":111,"column":66},"end":{"line":217,"column":5}}]},"15":{"type":"branch","line":113,"loc":{"start":{"line":113,"column":35},"end":{"line":171,"column":7}},"locations":[{"start":{"line":113,"column":35},"end":{"line":171,"column":7}}]},"16":{"type":"branch","line":121,"loc":{"start":{"line":121,"column":23},"end":{"line":121,"column":38}},"locations":[{"start":{"line":121,"column":23},"end":{"line":121,"column":38}}]},"17":{"type":"branch","line":122,"loc":{"start":{"line":122,"column":33},"end":{"line":122,"column":58}},"locations":[{"start":{"line":122,"column":33},"end":{"line":122,"column":58}}]},"18":{"type":"branch","line":130,"loc":{"start":{"line":130,"column":23},"end":{"line":130,"column":38}},"locations":[{"start":{"line":130,"column":23},"end":{"line":130,"column":38}}]},"19":{"type":"branch","line":131,"loc":{"start":{"line":131,"column":33},"end":{"line":131,"column":58}},"locations":[{"start":{"line":131,"column":33},"end":{"line":131,"column":58}}]},"20":{"type":"branch","line":145,"loc":{"start":{"line":145,"column":31},"end":{"line":145,"column":73}},"locations":[{"start":{"line":145,"column":31},"end":{"line":145,"column":73}}]},"21":{"type":"branch","line":160,"loc":{"start":{"line":160,"column":40},"end":{"line":169,"column":11}},"locations":[{"start":{"line":160,"column":40},"end":{"line":169,"column":11}}]},"22":{"type":"branch","line":166,"loc":{"start":{"line":166,"column":31},"end":{"line":166,"column":45}},"locations":[{"start":{"line":166,"column":31},"end":{"line":166,"column":45}}]},"23":{"type":"branch","line":174,"loc":{"start":{"line":174,"column":37},"end":{"line":216,"column":7}},"locations":[{"start":{"line":174,"column":37},"end":{"line":216,"column":7}}]},"24":{"type":"branch","line":178,"loc":{"start":{"line":178,"column":24},"end":{"line":178,"column":33}},"locations":[{"start":{"line":178,"column":24},"end":{"line":178,"column":33}}]},"25":{"type":"branch","line":197,"loc":{"start":{"line":197,"column":30},"end":{"line":197,"column":74}},"locations":[{"start":{"line":197,"column":30},"end":{"line":197,"column":74}}]},"26":{"type":"branch","line":202,"loc":{"start":{"line":202,"column":30},"end":{"line":202,"column":74}},"locations":[{"start":{"line":202,"column":30},"end":{"line":202,"column":74}}]},"27":{"type":"branch","line":215,"loc":{"start":{"line":215,"column":22},"end":{"line":215,"column":40}},"locations":[{"start":{"line":215,"column":22},"end":{"line":215,"column":40}}]},"28":{"type":"branch","line":217,"loc":{"start":{"line":217,"column":4},"end":{"line":260,"column":11}},"locations":[{"start":{"line":217,"column":4},"end":{"line":260,"column":11}}]},"29":{"type":"branch","line":260,"loc":{"start":{"line":260,"column":2},"end":{"line":278,"column":3}},"locations":[{"start":{"line":260,"column":2},"end":{"line":278,"column":3}}]},"30":{"type":"branch","line":278,"loc":{"start":{"line":278,"column":2},"end":{"line":281,"column":1}},"locations":[{"start":{"line":278,"column":2},"end":{"line":281,"column":1}}]},"31":{"type":"branch","line":283,"loc":{"start":{"line":283,"column":0},"end":{"line":299,"column":1}},"locations":[{"start":{"line":283,"column":0},"end":{"line":299,"column":1}}]},"32":{"type":"branch","line":287,"loc":{"start":{"line":287,"column":74},"end":{"line":288,"column":16}},"locations":[{"start":{"line":287,"column":74},"end":{"line":288,"column":16}}]},"33":{"type":"branch","line":291,"loc":{"start":{"line":291,"column":23},"end":{"line":291,"column":48}},"locations":[{"start":{"line":291,"column":23},"end":{"line":291,"column":48}}]},"34":{"type":"branch","line":294,"loc":{"start":{"line":294,"column":27},"end":{"line":294,"column":59}},"locations":[{"start":{"line":294,"column":27},"end":{"line":294,"column":59}}]},"35":{"type":"branch","line":295,"loc":{"start":{"line":295,"column":28},"end":{"line":295,"column":55}},"locations":[{"start":{"line":295,"column":28},"end":{"line":295,"column":55}}]},"36":{"type":"branch","line":296,"loc":{"start":{"line":296,"column":27},"end":{"line":296,"column":53}},"locations":[{"start":{"line":296,"column":27},"end":{"line":296,"column":53}}]}},"b":{"0":[33],"1":[5],"2":[32],"3":[1],"4":[4],"5":[32],"6":[28],"7":[0],"8":[32],"9":[95],"10":[95],"11":[32],"12":[28],"13":[32],"14":[95],"15":[188],"16":[2],"17":[2],"18":[2],"19":[2],"20":[0],"21":[374],"22":[2],"23":[126],"24":[0],"25":[0],"26":[0],"27":[111],"28":[32],"29":[0],"30":[32],"31":[1],"32":[0],"33":[0],"34":[0],"35":[0],"36":[0]},"fnMap":{"0":{"name":"runTimeOffSync","decl":{"start":{"line":18,"column":0},"end":{"line":281,"column":1}},"loc":{"start":{"line":18,"column":0},"end":{"line":281,"column":1}},"line":18},"1":{"name":"getSyncStatus","decl":{"start":{"line":283,"column":0},"end":{"line":299,"column":1}},"loc":{"start":{"line":283,"column":0},"end":{"line":299,"column":1}},"line":283}},"f":{"0":33,"1":1}}
}
